"../../../../../../Users/Breivogel/Documents/GitHub/gameJam-2018/Content/Meshes/MechParts/Mesh_Arms/Mech_HammerArm_Skeleton.uasset" 0
"../../../../../../Users/Breivogel/Documents/GitHub/gameJam-2018/Content/Animations/Arms/Mech_HammerArm_Anim_HammerArm_HammerArmAction_001.uasset" 1
"../../../../../../Users/Breivogel/Documents/GitHub/gameJam-2018/Content/Audio/WAV_Corrosion.uasset" 2
"../../../../../../Users/Breivogel/Documents/GitHub/gameJam-2018/Content/Audio/Cue_Corrosion.uasset" 3
"../../../../../../Users/Breivogel/Documents/GitHub/gameJam-2018/Content/Audio/FootstepReverb.uasset" 4
"../../../../../../Users/Breivogel/Documents/GitHub/gameJam-2018/Content/Audio/RobotSound.uasset" 5
"../../../../../../Users/Breivogel/Documents/GitHub/gameJam-2018/Content/Audio/WAV_Laser.uasset" 6
"../../../../../../Users/Breivogel/Documents/GitHub/gameJam-2018/Content/Meshes/MechParts/Mech_Chassis/Mech_Chassis_Strong_Skeleton.uasset" 7
"../../../../../../Users/Breivogel/Documents/GitHub/gameJam-2018/Content/Animations/Mech_Chassis_StrongAnimations_ChassisRoot_Spin.uasset" 8
"../../../../../../Users/Breivogel/Documents/GitHub/gameJam-2018/Content/Animations/Mech_Chassis_StrongAnimations_ChassisRoot_SpinReversed.uasset" 9
"../../../Engine/Content/EditorBlueprintResources/StandardMacros.uasset" 10
"../../../../../../Users/Breivogel/Documents/GitHub/gameJam-2018/Content/Maps/MainMenuFade.uasset" 11
"../../../../../../Users/Breivogel/Documents/GitHub/gameJam-2018/Content/Blueprints/BP_FadeHandler.uasset" 12
"../../../../../../Users/Breivogel/Documents/GitHub/gameJam-2018/Content/Materials/M_CodeFragment.uasset" 13
"../../../Engine/Content/Functions/Engine_MaterialFunctions01/Opacity/CameraDepthFade.uasset" 14
"../../../Engine/Content/EngineMaterials/T_Default_Material_Grid_M.uasset" 15
"../../../Engine/Content/EngineMaterials/T_Default_Material_Grid_N.uasset" 16
"../../../Engine/Content/EngineMaterials/WorldGridMaterial.uasset" 17
"../../../Engine/Content/BasicShapes/Cube.uasset" 18
"../../../../../../Users/Breivogel/Documents/GitHub/gameJam-2018/Content/Audio/WAV_PointSound.uasset" 19
"../../../../../../Users/Breivogel/Documents/GitHub/gameJam-2018/Content/Blueprints/BP_CodeFragment.uasset" 20
"../../../../../../Users/Breivogel/Documents/GitHub/gameJam-2018/Content/Blueprints/BP_FragmentSpawner.uasset" 21
"../../../../../../Users/Breivogel/Documents/GitHub/gameJam-2018/Content/Meshes/Characters/Character_BugBot_Skeleton.uasset" 22
"../../../../../../Users/Breivogel/Documents/GitHub/gameJam-2018/Content/Meshes/Characters/Character_BugBot_Anim.uasset" 23
"../../../../../../Users/Breivogel/Documents/GitHub/gameJam-2018/Content/Blueprints/Enums/DamageType.uasset" 24
"../../../../../../Users/Breivogel/Documents/GitHub/gameJam-2018/Content/Blueprints/CanTakeDamage.uasset" 25
"../../../../../../Users/Breivogel/Documents/GitHub/gameJam-2018/Content/Blueprints/BPMechParts/BP_MechPart.uasset" 26
"../../../Engine/Content/EngineResources/WhiteSquareTexture.uasset" 27
"../../../../../../Users/Breivogel/Documents/GitHub/gameJam-2018/Content/Materials/WidgetOverlay.uasset" 28
"../../../../../../Users/Breivogel/Documents/GitHub/gameJam-2018/Content/Materials/WidgetOverlay_Translucent.uasset" 29
"../../../../../../Users/Breivogel/Documents/GitHub/gameJam-2018/Content/UI/PartPickup.uasset" 30
"../../../../../../Users/Breivogel/Documents/GitHub/gameJam-2018/Content/Blueprints/Enums/ArmType.uasset" 31
"../../../../../../Users/Breivogel/Documents/GitHub/gameJam-2018/Content/Blueprints/Enums/ChassisType.uasset" 32
"../../../../../../Users/Breivogel/Documents/GitHub/gameJam-2018/Content/Blueprints/Enums/LegType.uasset" 33
"../../../../../../Users/Breivogel/Documents/GitHub/gameJam-2018/Content/Blueprints/Enums/PartTypes.uasset" 34
"../../../../../../Users/Breivogel/Documents/GitHub/gameJam-2018/Content/Meshes/MechParts/Mesh_Arms/Mech_Arms_Arm1_Skeleton.uasset" 35
"../../../../../../Users/Breivogel/Documents/GitHub/gameJam-2018/Content/Meshes/MechParts/Mesh_Arms/Mech_Broken_Arm_PhysicsAsset.uasset" 36
"../../../../../../Users/Breivogel/Documents/GitHub/gameJam-2018/Content/Meshes/MechParts/Mesh_Arms/Mech_Broken_Arm.uasset" 37
"../../../../../../Users/Breivogel/Documents/GitHub/gameJam-2018/Content/Textures/T_CorrosionCannonMask.uasset" 38
"../../../../../../Users/Breivogel/Documents/GitHub/gameJam-2018/Content/Textures/T_Noise2.uasset" 39
"../../../../../../Users/Breivogel/Documents/GitHub/gameJam-2018/Content/Materials/M_CorrosionCannon.uasset" 40
"../../../../../../Users/Breivogel/Documents/GitHub/gameJam-2018/Content/Meshes/MechParts/Mesh_Arms/Mech_CorrosionCannon_PhysicsAsset.uasset" 41
"../../../../../../Users/Breivogel/Documents/GitHub/gameJam-2018/Content/Meshes/MechParts/Mesh_Arms/Mech_CorrosionCannon.uasset" 42
"../../../../../../Users/Breivogel/Documents/GitHub/gameJam-2018/Content/Meshes/MechParts/Mesh_Arms/Mech_GatlingArm2_PhysicsAsset.uasset" 43
"../../../../../../Users/Breivogel/Documents/GitHub/gameJam-2018/Content/Meshes/MechParts/Mesh_Arms/Mech_GatlingArm2_Skeleton.uasset" 44
"../../../../../../Users/Breivogel/Documents/GitHub/gameJam-2018/Content/Meshes/MechParts/Mesh_Arms/Mech_GatlingArm2.uasset" 45
"../../../Engine/Content/Functions/Engine_MaterialFunctions01/Density/ExponentialDensity.uasset" 46
"../../../Engine/Content/Functions/Engine_MaterialFunctions01/Gradient/RadialGradientExponential.uasset" 47
"../../../Engine/Content/Functions/Engine_MaterialFunctions02/Utility/MakeFloat2.uasset" 48
"../../../../../../Users/Breivogel/Documents/GitHub/gameJam-2018/Content/Textures/T_LaserArmMask.uasset" 49
"../../../../../../Users/Breivogel/Documents/GitHub/gameJam-2018/Content/Materials/M_LaserArm.uasset" 50
"../../../../../../Users/Breivogel/Documents/GitHub/gameJam-2018/Content/Textures/T_GrenadeLauncherMask.uasset" 51
"../../../../../../Users/Breivogel/Documents/GitHub/gameJam-2018/Content/Materials/MI_GrenadeArm.uasset" 52
"../../../../../../Users/Breivogel/Documents/GitHub/gameJam-2018/Content/Meshes/MechParts/Mesh_Arms/Mech_GrenadeLauncher2_PhysicsAsset.uasset" 53
"../../../../../../Users/Breivogel/Documents/GitHub/gameJam-2018/Content/Meshes/MechParts/Mesh_Arms/Mech_GrenadeLauncher2.uasset" 54
"../../../../../../Users/Breivogel/Documents/GitHub/gameJam-2018/Content/Materials/MI_JavelinArm.uasset" 55
"../../../../../../Users/Breivogel/Documents/GitHub/gameJam-2018/Content/Meshes/MechParts/Mesh_Arms/Mech_JavelinArm_PhysicsAsset.uasset" 56
"../../../../../../Users/Breivogel/Documents/GitHub/gameJam-2018/Content/Meshes/MechParts/Mesh_Arms/Mech_JavelinArm.uasset" 57
"../../../../../../Users/Breivogel/Documents/GitHub/gameJam-2018/Content/Meshes/MechParts/Mesh_Arms/Mech_LaserArm3_PhysicsAsset.uasset" 58
"../../../../../../Users/Breivogel/Documents/GitHub/gameJam-2018/Content/Meshes/MechParts/Mesh_Arms/Mech_LaserArm3.uasset" 59
"../../../../../../Users/Breivogel/Documents/GitHub/gameJam-2018/Content/Meshes/MechParts/Mesh_Arms/Mech_PlasmaCannon1_PhysicsAsset.uasset" 60
"../../../../../../Users/Breivogel/Documents/GitHub/gameJam-2018/Content/Meshes/MechParts/Mesh_Arms/Mech_PlasmaCannon1.uasset" 61
"../../../../../../Users/Breivogel/Documents/GitHub/gameJam-2018/Content/Textures/T_RocketArm.uasset" 62
"../../../../../../Users/Breivogel/Documents/GitHub/gameJam-2018/Content/Materials/MI_RocketArm.uasset" 63
"../../../../../../Users/Breivogel/Documents/GitHub/gameJam-2018/Content/Meshes/MechParts/Mesh_Arms/Mech_RocketArm_PhysicsAsset.uasset" 64
"../../../../../../Users/Breivogel/Documents/GitHub/gameJam-2018/Content/Meshes/MechParts/Mesh_Arms/Mech_RocketArm.uasset" 65
"../../../../../../Users/Breivogel/Documents/GitHub/gameJam-2018/Content/Meshes/MechParts/Mesh_Arms/Mech_SwordArm2_PhysicsAsset.uasset" 66
"../../../../../../Users/Breivogel/Documents/GitHub/gameJam-2018/Content/Meshes/MechParts/Mesh_Arms/Mech_SwordArm2.uasset" 67
"../../../../../../Users/Breivogel/Documents/GitHub/gameJam-2018/Content/Textures/T_BipedLegs1_albedo.uasset" 68
"../../../../../../Users/Breivogel/Documents/GitHub/gameJam-2018/Content/Textures/T_BipedLegs1_metallic.uasset" 69
"../../../../../../Users/Breivogel/Documents/GitHub/gameJam-2018/Content/Textures/T_BipedLegs1_normal.uasset" 70
"../../../../../../Users/Breivogel/Documents/GitHub/gameJam-2018/Content/Textures/T_BipedLegs1_roughness.uasset" 71
"../../../../../../Users/Breivogel/Documents/GitHub/gameJam-2018/Content/Materials/M_MechMaster.uasset" 72
"../../../../../../Users/Breivogel/Documents/GitHub/gameJam-2018/Content/Meshes/MechParts/Mesh_BipedLegs/Mech_Legs_Biped1_RIGTEST2_PhysicsAsset.uasset" 73
"../../../../../../Users/Breivogel/Documents/GitHub/gameJam-2018/Content/Meshes/MechParts/Mesh_BipedLegs/Mech_Legs_Biped1_RIGTEST2_Skeleton.uasset" 74
"../../../../../../Users/Breivogel/Documents/GitHub/gameJam-2018/Content/Meshes/MechParts/Mesh_BipedLegs/Mech_Legs_Biped1_RIGTEST2.uasset" 75
"../../../../../../Users/Breivogel/Documents/GitHub/gameJam-2018/Content/Textures/QuadLegs1_albedo.uasset" 76
"../../../../../../Users/Breivogel/Documents/GitHub/gameJam-2018/Content/Textures/QuadLegs1_metallic.uasset" 77
"../../../../../../Users/Breivogel/Documents/GitHub/gameJam-2018/Content/Textures/QuadLegs1_normal.uasset" 78
"../../../../../../Users/Breivogel/Documents/GitHub/gameJam-2018/Content/Textures/QuadLegs1_roughness.uasset" 79
"../../../../../../Users/Breivogel/Documents/GitHub/gameJam-2018/Content/Materials/MI_QuadLegs1.uasset" 80
"../../../../../../Users/Breivogel/Documents/GitHub/gameJam-2018/Content/Meshes/MechParts/Mesh_QuadLegs/Mech_QuadLegs1_PhysicsAsset.uasset" 81
"../../../../../../Users/Breivogel/Documents/GitHub/gameJam-2018/Content/Meshes/MechParts/Mesh_QuadLegs/Mech_QuadLegs1_Skeleton.uasset" 82
"../../../../../../Users/Breivogel/Documents/GitHub/gameJam-2018/Content/Meshes/MechParts/Mesh_QuadLegs/Mech_QuadLegs1.uasset" 83
"../../../../../../Users/Breivogel/Documents/GitHub/gameJam-2018/Content/Textures/TreadLegs1_albedo.uasset" 84
"../../../../../../Users/Breivogel/Documents/GitHub/gameJam-2018/Content/Textures/TreadLegs1_metallic.uasset" 85
"../../../../../../Users/Breivogel/Documents/GitHub/gameJam-2018/Content/Textures/TreadLegs1_normal.uasset" 86
"../../../../../../Users/Breivogel/Documents/GitHub/gameJam-2018/Content/Textures/TreadLegs1_roughness.uasset" 87
"../../../../../../Users/Breivogel/Documents/GitHub/gameJam-2018/Content/Materials/MI_TreadLegs1.uasset" 88
"../../../../../../Users/Breivogel/Documents/GitHub/gameJam-2018/Content/Textures/Treads_albedo.uasset" 89
"../../../../../../Users/Breivogel/Documents/GitHub/gameJam-2018/Content/Textures/Treads_metallic.uasset" 90
"../../../../../../Users/Breivogel/Documents/GitHub/gameJam-2018/Content/Textures/Treads_normal.uasset" 91
"../../../../../../Users/Breivogel/Documents/GitHub/gameJam-2018/Content/Textures/Treads_roughness.uasset" 92
"../../../../../../Users/Breivogel/Documents/GitHub/gameJam-2018/Content/Materials/M_treads.uasset" 93
"../../../../../../Users/Breivogel/Documents/GitHub/gameJam-2018/Content/Materials/MI_Treads.uasset" 94
"../../../../../../Users/Breivogel/Documents/GitHub/gameJam-2018/Content/Meshes/MechParts/Mesh_TreadLegs/Mech_TreadLegs1_PhysicsAsset.uasset" 95
"../../../../../../Users/Breivogel/Documents/GitHub/gameJam-2018/Content/Meshes/MechParts/Mesh_TreadLegs/Mech_TreadLegs1_Skeleton.uasset" 96
"../../../../../../Users/Breivogel/Documents/GitHub/gameJam-2018/Content/Meshes/MechParts/Mesh_TreadLegs/Mech_TreadLegs1.uasset" 97
"../../../Engine/Content/Functions/Engine_MaterialFunctions01/Gradient/RadialGradient.uasset" 98
"../../../../../../Users/Breivogel/Documents/GitHub/gameJam-2018/Content/Materials/ParticleMaterials/M_Radial_Gradient.uasset" 99
"../../../../../../Users/Breivogel/Documents/GitHub/gameJam-2018/Content/ParticleEffects/P_Sparks.uasset" 100
"../../../../../../Users/Breivogel/Documents/GitHub/gameJam-2018/Content/Blueprints/BP_MechPartPickup.uasset" 101
"../../../../../../Users/Breivogel/Documents/GitHub/gameJam-2018/Content/Textures/T_Static.uasset" 102
"../../../../../../Users/Breivogel/Documents/GitHub/gameJam-2018/Content/Textures/T_Stripes.uasset" 103
"../../../../../../Users/Breivogel/Documents/GitHub/gameJam-2018/Content/Textures/T_UplinkMask1.uasset" 104
"../../../../../../Users/Breivogel/Documents/GitHub/gameJam-2018/Content/Materials/M_TipScreen.uasset" 105
"../../../../../../Users/Breivogel/Documents/GitHub/gameJam-2018/Content/Materials/MI_BlueTip.uasset" 106
"../../../../../../Users/Breivogel/Documents/GitHub/gameJam-2018/Content/UI/PartTrade.uasset" 107
"../../../../../../Users/Breivogel/Documents/GitHub/gameJam-2018/Content/Audio/WAV_Chirp1.uasset" 108
"../../../../../../Users/Breivogel/Documents/GitHub/gameJam-2018/Content/Audio/WAV_ChitenousClicks.uasset" 109
"../../../../../../Users/Breivogel/Documents/GitHub/gameJam-2018/Content/Audio/WAV_Click1.uasset" 110
"../../../../../../Users/Breivogel/Documents/GitHub/gameJam-2018/Content/Textures/T_UplinkMask2.uasset" 111
"../../../../../../Users/Breivogel/Documents/GitHub/gameJam-2018/Content/Materials/UplinkScreen.uasset" 112
"../../../../../../Users/Breivogel/Documents/GitHub/gameJam-2018/Content/Textures/Bus_Albedo_1.uasset" 113
"../../../../../../Users/Breivogel/Documents/GitHub/gameJam-2018/Content/Textures/Bus_Normal.uasset" 114
"../../../../../../Users/Breivogel/Documents/GitHub/gameJam-2018/Content/Textures/Bus_Roughness.uasset" 115
"../../../../../../Users/Breivogel/Documents/GitHub/gameJam-2018/Content/Materials/M_Bus.uasset" 116
"../../../../../../Users/Breivogel/Documents/GitHub/gameJam-2018/Content/Textures/T_TankAlbedo.uasset" 117
"../../../../../../Users/Breivogel/Documents/GitHub/gameJam-2018/Content/Materials/MI_Vehicle2.uasset" 118
"../../../../../../Users/Breivogel/Documents/GitHub/gameJam-2018/Content/Meshes/Characters/Character_BugBot_PhysicsAsset.uasset" 119
"../../../../../../Users/Breivogel/Documents/GitHub/gameJam-2018/Content/Meshes/Characters/Character_BugBot.uasset" 120
"../../../../../../Users/Breivogel/Documents/GitHub/gameJam-2018/Content/Meshes/TipPlane.uasset" 121
"../../../../../../Users/Breivogel/Documents/GitHub/gameJam-2018/Content/Blueprints/BP_GoliathBot.uasset" 122
"../../../../../../Users/Breivogel/Documents/GitHub/gameJam-2018/Content/Audio/WAV_Click2.uasset" 123
"../../../../../../Users/Breivogel/Documents/GitHub/gameJam-2018/Content/Materials/M_TotalBlack.uasset" 124
"../../../../../../Users/Breivogel/Documents/GitHub/gameJam-2018/Content/Meshes/Props/UplinkStation.uasset" 125
"../../../../../../Users/Breivogel/Documents/GitHub/gameJam-2018/Content/UI/Uplink.uasset" 126
"../../../../../../Users/Breivogel/Documents/GitHub/gameJam-2018/Content/Blueprints/BP_UplinkStation.uasset" 127
"../../../../../../Users/Breivogel/Documents/GitHub/gameJam-2018/Content/Blueprints/BPMechParts/BPArms/BP_Arm.uasset" 128
"../../../../../../Users/Breivogel/Documents/GitHub/gameJam-2018/Content/Animations/Arms/Mech_SwordArm2_Anim.uasset" 129
"../../../../../../Users/Breivogel/Documents/GitHub/gameJam-2018/Content/Animations/Arms/Mech_SwordArm_Biped_Anim.uasset" 130
"../../../../../../Users/Breivogel/Documents/GitHub/gameJam-2018/Content/Meshes/MechParts/Mesh_Arms/Mech_SwordArm_Biped_PhysicsAsset.uasset" 131
"../../../../../../Users/Breivogel/Documents/GitHub/gameJam-2018/Content/Meshes/MechParts/Mesh_Arms/Mech_SwordArm_Biped.uasset" 132
"../../../../../../Users/Breivogel/Documents/GitHub/gameJam-2018/Content/ParticleEffects/P_Sparks_Low.uasset" 133
"../../../../../../Users/Breivogel/Documents/GitHub/gameJam-2018/Content/Blueprints/BPMechParts/BPArms/BP_BrokenArm.uasset" 134
"../../../../../../Users/Breivogel/Documents/GitHub/gameJam-2018/Content/Textures/T_Fire_SubUV.uasset" 135
"../../../../../../Users/Breivogel/Documents/GitHub/gameJam-2018/Content/Textures/T_Fire_Tiled_D.uasset" 136
"../../../../../../Users/Breivogel/Documents/GitHub/gameJam-2018/Content/Materials/ParticleMaterials/M_Fire_SubUV.uasset" 137
"../../../../../../Users/Breivogel/Documents/GitHub/gameJam-2018/Content/ParticleEffects/P_CorrosionBurn.uasset" 138
"../../../../../../Users/Breivogel/Documents/GitHub/gameJam-2018/Content/Blueprints/Projectiles/BP_CorrosionEffect.uasset" 139
"../../../../../../Users/Breivogel/Documents/GitHub/gameJam-2018/Content/Textures/T_Smoke_SubUV.uasset" 140
"../../../../../../Users/Breivogel/Documents/GitHub/gameJam-2018/Content/Textures/T_Smoke_Tiled_D.uasset" 141
"../../../../../../Users/Breivogel/Documents/GitHub/gameJam-2018/Content/Materials/ParticleMaterials/M_smoke_subUV.uasset" 142
"../../../../../../Users/Breivogel/Documents/GitHub/gameJam-2018/Content/ParticleEffects/P_Corrosion.uasset" 143
"../../../../../../Users/Breivogel/Documents/GitHub/gameJam-2018/Content/Blueprints/Projectiles/BP_Corrosion.uasset" 144
"../../../../../../Users/Breivogel/Documents/GitHub/gameJam-2018/Content/Textures/T_Explosion_SubUV.uasset" 145
"../../../../../../Users/Breivogel/Documents/GitHub/gameJam-2018/Content/Materials/ParticleMaterials/M_explosion_subUV.uasset" 146
"../../../../../../Users/Breivogel/Documents/GitHub/gameJam-2018/Content/Materials/ParticleMaterials/m_flare_01.uasset" 147
"../../../../../../Users/Breivogel/Documents/GitHub/gameJam-2018/Content/Materials/ParticleMaterials/M_radial_ramp.uasset" 148
"../../../../../../Users/Breivogel/Documents/GitHub/gameJam-2018/Content/ParticleEffects/P_CorrosionExplosion.uasset" 149
"../../../../../../Users/Breivogel/Documents/GitHub/gameJam-2018/Content/Blueprints/Projectiles/BP_CorrosiveOrb.uasset" 150
"../../../../../../Users/Breivogel/Documents/GitHub/gameJam-2018/Content/Audio/WAV_GunSound1.uasset" 151
"../../../../../../Users/Breivogel/Documents/GitHub/gameJam-2018/Content/ParticleEffects/P_CorrosionBroken.uasset" 152
"../../../../../../Users/Breivogel/Documents/GitHub/gameJam-2018/Content/Blueprints/BPMechParts/BPArms/BP_CorrosionArm.uasset" 153
"../../../../../../Users/Breivogel/Documents/GitHub/gameJam-2018/Content/Animations/Arms/Mech_GatlingArm2_Anim.uasset" 154
"../../../../../../Users/Breivogel/Documents/GitHub/gameJam-2018/Content/Audio/WAV_GatlingLoop.uasset" 155
"../../../../../../Users/Breivogel/Documents/GitHub/gameJam-2018/Content/Audio/WAV_MinigunSpin.uasset" 156
"../../../../../../Users/Breivogel/Documents/GitHub/gameJam-2018/Content/Audio/WAV_MinigunSpinDown.uasset" 157
"../../../../../../Users/Breivogel/Documents/GitHub/gameJam-2018/Content/ParticleEffects/P_FireBroken.uasset" 158
"../../../Engine/Content/Functions/Engine_MaterialFunctions01/Gradient/LinearGradient.uasset" 159
"../../../Engine/Content/Functions/Engine_MaterialFunctions01/ImageAdjustment/CheapContrast.uasset" 160
"../../../Engine/Content/Functions/Engine_MaterialFunctions02/SafeNormalize.uasset" 161
"../../../Engine/Content/Functions/Engine_MaterialFunctions02/Math/CreateThirdOrthogonalVector.uasset" 162
"../../../Engine/Content/Functions/Engine_MaterialFunctions02/Utility/BreakOutFloat3Components.uasset" 163
"../../../Engine/Content/Functions/Engine_MaterialFunctions02/Math/Transform3x3Matrix.uasset" 164
"../../../Engine/Content/Functions/Engine_MaterialFunctions02/Utility/BreakOutFloat2Components.uasset" 165
"../../../Engine/Content/Functions/Engine_MaterialFunctions02/Utility/MakeFloat3.uasset" 166
"../../../Engine/Content/Functions/Engine_MaterialFunctions02/ExampleContent/Textures/SphereRenderNormalsMap.uasset" 167
"../../../Engine/Content/Functions/Engine_MaterialFunctions02/WorldAlignedNormals_HighQuality.uasset" 168
"../../../Engine/Content/EngineMaterials/DefaultNormal_Uncompressed.uasset" 169
"../../../Engine/Content/Functions/Engine_MaterialFunctions01/Texturing/WorldAlignedNormal.uasset" 170
"../../../Engine/Content/EngineMaterials/DefaultDiffuse.uasset" 171
"../../../Engine/Content/Functions/Engine_MaterialFunctions01/Texturing/WorldAlignedTexture.uasset" 172
"../../../../../../Users/Breivogel/Documents/GitHub/gameJam-2018/Content/Textures/Asphalt_Worn_albedo.uasset" 173
"../../../../../../Users/Breivogel/Documents/GitHub/gameJam-2018/Content/Textures/Asphalt_Worn_metallic.uasset" 174
"../../../../../../Users/Breivogel/Documents/GitHub/gameJam-2018/Content/Textures/Asphalt_Worn_normal.uasset" 175
"../../../../../../Users/Breivogel/Documents/GitHub/gameJam-2018/Content/Textures/Asphalt_Worn_roughness.uasset" 176
"../../../../../../Users/Breivogel/Documents/GitHub/gameJam-2018/Content/Materials/M_Asphalt.uasset" 177
"../../../../../../Users/Breivogel/Documents/GitHub/gameJam-2018/Content/Meshes/RubbleBit.uasset" 178
"../../../../../../Users/Breivogel/Documents/GitHub/gameJam-2018/Content/ParticleEffects/P_GatlingImpact.uasset" 179
"../../../../../../Users/Breivogel/Documents/GitHub/gameJam-2018/Content/Textures/T_MuzzleFlash.uasset" 180
"../../../../../../Users/Breivogel/Documents/GitHub/gameJam-2018/Content/Materials/ParticleMaterials/M_MuzzleFlash_3.uasset" 181
"../../../../../../Users/Breivogel/Documents/GitHub/gameJam-2018/Content/Textures/T_Spark_Core.uasset" 182
"../../../../../../Users/Breivogel/Documents/GitHub/gameJam-2018/Content/Materials/ParticleMaterials/M_Spark.uasset" 183
"../../../../../../Users/Breivogel/Documents/GitHub/gameJam-2018/Content/Materials/ParticleMaterials/M_MuzzleFlash_1.uasset" 184
"../../../../../../Users/Breivogel/Documents/GitHub/gameJam-2018/Content/Materials/ParticleMaterials/M_MuzzleFlash_2.uasset" 185
"../../../../../../Users/Breivogel/Documents/GitHub/gameJam-2018/Content/Meshes/MuzzleFlashMesh.uasset" 186
"../../../../../../Users/Breivogel/Documents/GitHub/gameJam-2018/Content/ParticleEffects/P_MuzzleFlash.uasset" 187
"../../../../../../Users/Breivogel/Documents/GitHub/gameJam-2018/Content/Blueprints/BPMechParts/BPArms/BP_GatlingArm.uasset" 188
"../../../Engine/Content/BasicShapes/BasicShapeMaterial.uasset" 189
"../../../Engine/Content/EngineMaterials/DefaultMaterial.uasset" 190
"../../../Engine/Content/BasicShapes/Sphere.uasset" 191
"../../../../../../Users/Breivogel/Documents/GitHub/gameJam-2018/Content/Audio/WAV_Explosion1.uasset" 192
"../../../../../../Users/Breivogel/Documents/GitHub/gameJam-2018/Content/Textures/T_Burst_M.uasset" 193
"../../../../../../Users/Breivogel/Documents/GitHub/gameJam-2018/Content/Materials/ParticleMaterials/M_Burst.uasset" 194
"../../../../../../Users/Breivogel/Documents/GitHub/gameJam-2018/Content/ParticleEffects/P_Explosion.uasset" 195
"../../../../../../Users/Breivogel/Documents/GitHub/gameJam-2018/Content/Blueprints/Projectiles/BP_Grenade.uasset" 196
"../../../../../../Users/Breivogel/Documents/GitHub/gameJam-2018/Content/Audio/WAV_Launch.uasset" 197
"../../../../../../Users/Breivogel/Documents/GitHub/gameJam-2018/Content/Audio/WAV_Load.uasset" 198
"../../../../../../Users/Breivogel/Documents/GitHub/gameJam-2018/Content/Blueprints/BPMechParts/BPArms/BP_GrenadeLauncher.uasset" 199
"../../../../../../Users/Breivogel/Documents/GitHub/gameJam-2018/Content/ParticleEffects/P_JavelinHeld.uasset" 200
"../../../../../../Users/Breivogel/Documents/GitHub/gameJam-2018/Content/Blueprints/Projectiles/BP_JavelinEffect.uasset" 201
"../../../../../../Users/Breivogel/Documents/GitHub/gameJam-2018/Content/Audio/WAV_Javelin.uasset" 202
"../../../../../../Users/Breivogel/Documents/GitHub/gameJam-2018/Content/ParticleEffects/P_LaserExplosion.uasset" 203
"../../../Engine/Content/Functions/Engine_MaterialFunctions03/Procedurals/GeneratedBand.uasset" 204
"../../../../../../Users/Breivogel/Documents/GitHub/gameJam-2018/Content/Textures/T_lightningNoise.uasset" 205
"../../../../../../Users/Breivogel/Documents/GitHub/gameJam-2018/Content/Materials/M_lightning.uasset" 206
"../../../../../../Users/Breivogel/Documents/GitHub/gameJam-2018/Content/Materials/MI_Lightning.uasset" 207
"../../../../../../Users/Breivogel/Documents/GitHub/gameJam-2018/Content/ParticleEffects/P_LaserJavelin.uasset" 208
"../../../../../../Users/Breivogel/Documents/GitHub/gameJam-2018/Content/Blueprints/Projectiles/BP_LaserJavelin.uasset" 209
"../../../../../../Users/Breivogel/Documents/GitHub/gameJam-2018/Content/Audio/WAV_JavelinCharge.uasset" 210
"../../../../../../Users/Breivogel/Documents/GitHub/gameJam-2018/Content/Audio/WAV_JavelinFire.uasset" 211
"../../../../../../Users/Breivogel/Documents/GitHub/gameJam-2018/Content/Blueprints/BPMechParts/BPArms/BP_JavelinArm.uasset" 212
"../../../../../../Users/Breivogel/Documents/GitHub/gameJam-2018/Content/Materials/LaserColorCurve.uasset" 213
"../../../../../../Users/Breivogel/Documents/GitHub/gameJam-2018/Content/Audio/WAV_Laser1.uasset" 214
"../../../../../../Users/Breivogel/Documents/GitHub/gameJam-2018/Content/Audio/WAV_Laser2.uasset" 215
"../../../../../../Users/Breivogel/Documents/GitHub/gameJam-2018/Content/Audio/Cue_Laser.uasset" 216
"../../../../../../Users/Breivogel/Documents/GitHub/gameJam-2018/Content/Meshes/LaserMesh.uasset" 217
"../../../../../../Users/Breivogel/Documents/GitHub/gameJam-2018/Content/ParticleEffects/P_BurnoutSmoke.uasset" 218
"../../../../../../Users/Breivogel/Documents/GitHub/gameJam-2018/Content/Blueprints/BPMechParts/BPArms/BP_LaserArm.uasset" 219
"../../../../../../Users/Breivogel/Documents/GitHub/gameJam-2018/Content/Audio/WAV_PlasmaHit.uasset" 220
"../../../../../../Users/Breivogel/Documents/GitHub/gameJam-2018/Content/ParticleEffects/P_PlasmaBurn.uasset" 221
"../../../../../../Users/Breivogel/Documents/GitHub/gameJam-2018/Content/ParticleEffects/P_PlasmaExplosion.uasset" 222
"../../../../../../Users/Breivogel/Documents/GitHub/gameJam-2018/Content/Blueprints/Projectiles/BP_PlasmaOrb.uasset" 223
"../../../../../../Users/Breivogel/Documents/GitHub/gameJam-2018/Content/Audio/WAV_GunSound2.uasset" 224
"../../../../../../Users/Breivogel/Documents/GitHub/gameJam-2018/Content/ParticleEffects/P_PlasmaBroken.uasset" 225
"../../../../../../Users/Breivogel/Documents/GitHub/gameJam-2018/Content/Blueprints/BPMechParts/BPArms/BP_PlasmaArm.uasset" 226
"../../../../../../Users/Breivogel/Documents/GitHub/gameJam-2018/Content/Meshes/Rocket.uasset" 227
"../../../../../../Users/Breivogel/Documents/GitHub/gameJam-2018/Content/ParticleEffects/P_RocketTrail.uasset" 228
"../../../../../../Users/Breivogel/Documents/GitHub/gameJam-2018/Content/Blueprints/Projectiles/BP_Rocket.uasset" 229
"../../../../../../Users/Breivogel/Documents/GitHub/gameJam-2018/Content/Audio/WAV_MissileFiring.uasset" 230
"../../../../../../Users/Breivogel/Documents/GitHub/gameJam-2018/Content/Blueprints/BPMechParts/BPArms/BP_RocketArm.uasset" 231
"../../../../../../Users/Breivogel/Documents/GitHub/gameJam-2018/Content/Audio/WAV_Swish.uasset" 232
"../../../../../../Users/Breivogel/Documents/GitHub/gameJam-2018/Content/ParticleEffects/P_Sparks_Orange.uasset" 233
"../../../../../../Users/Breivogel/Documents/GitHub/gameJam-2018/Content/Blueprints/BPMechParts/BPArms/BP_SwordArm.uasset" 234
"../../../../../../Users/Breivogel/Documents/GitHub/gameJam-2018/Content/Animations/BipedLegs/Mech_Legs_Biped1_RIGTEST2_Anim.uasset" 235
"../../../../../../Users/Breivogel/Documents/GitHub/gameJam-2018/Content/Blueprints/BPMechParts/BPLegs/BP_Leg.uasset" 236
"../../../../../../Users/Breivogel/Documents/GitHub/gameJam-2018/Content/Blueprints/BPMechParts/BPLegs/BP_BipedLeg.uasset" 237
"../../../../../../Users/Breivogel/Documents/GitHub/gameJam-2018/Content/Animations/QuadLegs/Mech_QuadLegs1_Anim.uasset" 238
"../../../../../../Users/Breivogel/Documents/GitHub/gameJam-2018/Content/Blueprints/BPMechParts/BPLegs/BP_QuadLeg.uasset" 239
"../../../../../../Users/Breivogel/Documents/GitHub/gameJam-2018/Content/Blueprints/BPMechParts/BPLegs/BP_TreadLeg.uasset" 240
"../../../../../../Users/Breivogel/Documents/GitHub/gameJam-2018/Content/Blueprints/Enemies/Enemy_Blackboard.uasset" 241
"../../../../../../Users/Breivogel/Documents/GitHub/gameJam-2018/Content/Blueprints/Enemies/MeleeCheck.uasset" 242
"../../../../../../Users/Breivogel/Documents/GitHub/gameJam-2018/Content/Blueprints/Enemies/RangedCheck.uasset" 243
"../../../../../../Users/Breivogel/Documents/GitHub/gameJam-2018/Content/Blueprints/Enemies/SetRandomLocation.uasset" 244
"../../../../../../Users/Breivogel/Documents/GitHub/gameJam-2018/Content/Blueprints/Enemies/TurretCheck.uasset" 245
"../../../../../../Users/Breivogel/Documents/GitHub/gameJam-2018/Content/Blueprints/Enemies/Enemy_BehaviorTree.uasset" 246
"../../../../../../Users/Breivogel/Documents/GitHub/gameJam-2018/Content/Blueprints/Enemies/Enemy_Controller.uasset" 247
"../../../../../../Users/Breivogel/Documents/GitHub/gameJam-2018/Content/Blueprints/Enemies/EnemyWeapons/BP_EnemyArm.uasset" 248
"../../../../../../Users/Breivogel/Documents/GitHub/gameJam-2018/Content/UI/EnemyHealthBar.uasset" 249
"../../../../../../Users/Breivogel/Documents/GitHub/gameJam-2018/Content/Textures/Chassis1_albedo.uasset" 250
"../../../../../../Users/Breivogel/Documents/GitHub/gameJam-2018/Content/Textures/Chassis1_metallic.uasset" 251
"../../../../../../Users/Breivogel/Documents/GitHub/gameJam-2018/Content/Textures/Chassis1_normal.uasset" 252
"../../../../../../Users/Breivogel/Documents/GitHub/gameJam-2018/Content/Textures/Chassis1_roughness.uasset" 253
"../../../../../../Users/Breivogel/Documents/GitHub/gameJam-2018/Content/Materials/MI_Chassis1.uasset" 254
"../../../../../../Users/Breivogel/Documents/GitHub/gameJam-2018/Content/Meshes/MechParts/Mech_Chassis/Mech_Chassis_Strong_PhysicsAsset.uasset" 255
"../../../../../../Users/Breivogel/Documents/GitHub/gameJam-2018/Content/Meshes/MechParts/Mech_Chassis/Mech_Chassis_Strong.uasset" 256
"../../../../../../Users/Breivogel/Documents/GitHub/gameJam-2018/Content/Textures/T_Question.uasset" 257
"../../../../../../Users/Breivogel/Documents/GitHub/gameJam-2018/Content/Textures/T_X.uasset" 258
"../../../../../../Users/Breivogel/Documents/GitHub/gameJam-2018/Content/Materials/ScreenMat.uasset" 259
"../../../../../../Users/Breivogel/Documents/GitHub/gameJam-2018/Content/Meshes/MechParts/Mech_Head/Mech_Head1_PhysicsAsset.uasset" 260
"../../../../../../Users/Breivogel/Documents/GitHub/gameJam-2018/Content/Meshes/MechParts/Mech_Head/Mech_Head1_Skeleton.uasset" 261
"../../../../../../Users/Breivogel/Documents/GitHub/gameJam-2018/Content/Meshes/MechParts/Mech_Head/Mech_Head1.uasset" 262
"../../../../../../Users/Breivogel/Documents/GitHub/gameJam-2018/Content/Blueprints/Enemies/BP_EnemyPawn.uasset" 263
"../../../../../../Users/Breivogel/Documents/GitHub/gameJam-2018/Content/Blueprints/Enemies/EnemyWeapons/BP_EnemyGatlingArm.uasset" 264
"../../../../../../Users/Breivogel/Documents/GitHub/gameJam-2018/Content/Audio/Cue_EnemyLaser.uasset" 265
"../../../../../../Users/Breivogel/Documents/GitHub/gameJam-2018/Content/Blueprints/Enemies/EnemyWeapons/BP_EnemyLaserArm.uasset" 266
"../../../../../../Users/Breivogel/Documents/GitHub/gameJam-2018/Content/Blueprints/Enemies/EnemyWeapons/BP_EnemyPlasmaArm.uasset" 267
"../../../../../../Users/Breivogel/Documents/GitHub/gameJam-2018/Content/Blueprints/Enemies/EnemyWeapons/BP_EnemyRocketArm.uasset" 268
"../../../../../../Users/Breivogel/Documents/GitHub/gameJam-2018/Content/Blueprints/Enemies/MeleeEnemy/Melee_Blackboard.uasset" 269
"../../../../../../Users/Breivogel/Documents/GitHub/gameJam-2018/Content/Blueprints/Enemies/MeleeEnemy/Melee_BehaviorTree.uasset" 270
"../../../../../../Users/Breivogel/Documents/GitHub/gameJam-2018/Content/Blueprints/Enemies/MeleeEnemy/Melee_Controller.uasset" 271
"../../../../../../Users/Breivogel/Documents/GitHub/gameJam-2018/Content/Blueprints/Enemies/MeleeEnemy/Melee.uasset" 272
"../../../../../../Users/Breivogel/Documents/GitHub/gameJam-2018/Content/Blueprints/Enemies/EnemyWeapons/BP_EnemySwordArm.uasset" 273
"../../../../../../Users/Breivogel/Documents/GitHub/gameJam-2018/Content/Audio/WAV_Alert1.uasset" 274
"../../../../../../Users/Breivogel/Documents/GitHub/gameJam-2018/Content/Audio/WAV_Alert2.uasset" 275
"../../../../../../Users/Breivogel/Documents/GitHub/gameJam-2018/Content/Audio/WAV_Alert4.uasset" 276
"../../../../../../Users/Breivogel/Documents/GitHub/gameJam-2018/Content/Audio/Cue_Alert.uasset" 277
"../../../../../../Users/Breivogel/Documents/GitHub/gameJam-2018/Content/Audio/WAV_BipedFootsteps.uasset" 278
"../../../../../../Users/Breivogel/Documents/GitHub/gameJam-2018/Content/Audio/WAV_Explosion1_Reverb.uasset" 279
"../../../../../../Users/Breivogel/Documents/GitHub/gameJam-2018/Content/Meshes/MechParts/Mech_Chassis/Mech_TurretChassis_PhysicsAsset.uasset" 280
"../../../../../../Users/Breivogel/Documents/GitHub/gameJam-2018/Content/Meshes/MechParts/Mech_Chassis/Mech_TurretChassis_Skeleton.uasset" 281
"../../../../../../Users/Breivogel/Documents/GitHub/gameJam-2018/Content/Meshes/MechParts/Mech_Chassis/Mech_TurretChassis.uasset" 282
"../../../../../../Users/Breivogel/Documents/GitHub/gameJam-2018/Content/Meshes/MechParts/Mech_TurretBase_PhysicsAsset.uasset" 283
"../../../../../../Users/Breivogel/Documents/GitHub/gameJam-2018/Content/Meshes/MechParts/Mech_TurretBase_Skeleton.uasset" 284
"../../../../../../Users/Breivogel/Documents/GitHub/gameJam-2018/Content/Meshes/MechParts/Mech_TurretBase.uasset" 285
"../../../../../../Users/Breivogel/Documents/GitHub/gameJam-2018/Content/Blueprints/Enemies/Enemy.uasset" 286
"../../../../../../Users/Breivogel/Documents/GitHub/gameJam-2018/Content/Blueprints/AbberationCurve.uasset" 287
"../../../../../../Users/Breivogel/Documents/GitHub/gameJam-2018/Content/Materials/MI_YouScreen.uasset" 288
"../../../../../../Users/Breivogel/Documents/GitHub/gameJam-2018/Content/Materials/PartHealthCurve.uasset" 289
"../../../../../../Users/Breivogel/Documents/GitHub/gameJam-2018/Content/UI/T_HUDBipedLegs.uasset" 290
"../../../../../../Users/Breivogel/Documents/GitHub/gameJam-2018/Content/UI/T_HUDBox1.uasset" 291
"../../../../../../Users/Breivogel/Documents/GitHub/gameJam-2018/Content/UI/T_HUDChassis1.uasset" 292
"../../../../../../Users/Breivogel/Documents/GitHub/gameJam-2018/Content/UI/T_HUDCross.uasset" 293
"../../../../../../Users/Breivogel/Documents/GitHub/gameJam-2018/Content/UI/T_HUDPlasmaArm.uasset" 294
"../../../../../../Users/Breivogel/Documents/GitHub/gameJam-2018/Content/UI/T_HUDQuadLegs.uasset" 295
"../../../../../../Users/Breivogel/Documents/GitHub/gameJam-2018/Content/UI/T_HUDTreadLegs.uasset" 296
"../../../../../../Users/Breivogel/Documents/GitHub/gameJam-2018/Content/UI/PartHealth.uasset" 297
"../../../../../../Users/Breivogel/Documents/GitHub/gameJam-2018/Content/Audio/WAV_Dash.uasset" 298
"../../../../../../Users/Breivogel/Documents/GitHub/gameJam-2018/Content/Audio/WAV_PickUp.uasset" 299
"../../../../../../Users/Breivogel/Documents/GitHub/gameJam-2018/Content/ParticleEffects/P_Dash.uasset" 300
"../../../../../../Users/Breivogel/Documents/GitHub/gameJam-2018/Content/Textures/T_Crosshairs.uasset" 301
"../../../../../../Users/Breivogel/Documents/GitHub/gameJam-2018/Content/UI/Cursor.uasset" 302
"../../../../../../Users/Breivogel/Documents/GitHub/gameJam-2018/Content/UI/ORATORSTD.uasset" 303
"../../../../../../Users/Breivogel/Documents/GitHub/gameJam-2018/Content/UI/ORATORSTD_Font.uasset" 304
"../../../../../../Users/Breivogel/Documents/GitHub/gameJam-2018/Content/UI/T_HUDBox2.uasset" 305
"../../../../../../Users/Breivogel/Documents/GitHub/gameJam-2018/Content/UI/PauseMenu.uasset" 306
"../../../../../../Users/Breivogel/Documents/GitHub/gameJam-2018/Content/Blueprints/PlayerCharacter_Final.uasset" 307
"../../../../../../Users/Breivogel/Documents/GitHub/gameJam-2018/Content/Textures/Building_Style1_albedo.uasset" 308
"../../../../../../Users/Breivogel/Documents/GitHub/gameJam-2018/Content/Textures/Building_Style1_metallic.uasset" 309
"../../../../../../Users/Breivogel/Documents/GitHub/gameJam-2018/Content/Textures/Building_Style1_normal.uasset" 310
"../../../../../../Users/Breivogel/Documents/GitHub/gameJam-2018/Content/Textures/Building_Style1_roughness.uasset" 311
"../../../../../../Users/Breivogel/Documents/GitHub/gameJam-2018/Content/Materials/M_BuildingMaster.uasset" 312
"../../../Engine/Content/Functions/Engine_MaterialFunctions02/Texturing/ScreenAlignedPixelToPixelUVs.uasset" 313
"../../../Engine/Content/EngineMaterials/Good64x64TilingNoiseHighFreq.uasset" 314
"../../../Engine/Content/Functions/Engine_MaterialFunctions02/Utility/DitherTemporalAA.uasset" 315
"../../../../../../Users/Breivogel/Documents/GitHub/gameJam-2018/Content/Materials/M_FadeMaterial.uasset" 316
"../../../../../../Users/Breivogel/Documents/GitHub/gameJam-2018/Content/Meshes/Buildings/Buildings_Style1_1.uasset" 317
"../../../../../../Users/Breivogel/Documents/GitHub/gameJam-2018/Content/Blueprints/FadeMesh.uasset" 318
"../../../../../../Users/Breivogel/Documents/GitHub/gameJam-2018/Content/Blueprints/FadeTop.uasset" 319
"../../../../../../Users/Breivogel/Documents/GitHub/gameJam-2018/Content/Blueprints/MenuMode.uasset" 320
"../../../../../../Users/Breivogel/Documents/GitHub/gameJam-2018/Content/Blueprints/Projectile.uasset" 321
"../../../../../../Users/Breivogel/Documents/GitHub/gameJam-2018/Content/Blueprints/BPMechParts/BPLegs/WAV_Swish.uasset" 322
"../../../../../../Users/Breivogel/Documents/GitHub/gameJam-2018/Content/Blueprints/Enemies/TurretEnemy/Turret_Blackboard.uasset" 323
"../../../../../../Users/Breivogel/Documents/GitHub/gameJam-2018/Content/Blueprints/Enemies/TurretEnemy/Turret_BehaviorTree.uasset" 324
"../../../../../../Users/Breivogel/Documents/GitHub/gameJam-2018/Content/Blueprints/Enemies/TurretEnemy/Turret_Controller.uasset" 325
"../../../../../../Users/Breivogel/Documents/GitHub/gameJam-2018/Content/Blueprints/Enemies/TurretEnemy/Turret.uasset" 326
"../../../../../../Users/Breivogel/Documents/GitHub/gameJam-2018/Content/Materials/MI_EnemyScreen.uasset" 327
"../../../../../../Users/Breivogel/Documents/GitHub/gameJam-2018/Content/Textures/Gate_Left_albedo.uasset" 328
"../../../../../../Users/Breivogel/Documents/GitHub/gameJam-2018/Content/Textures/Gate_metallic.uasset" 329
"../../../../../../Users/Breivogel/Documents/GitHub/gameJam-2018/Content/Textures/Gate_normal.uasset" 330
"../../../../../../Users/Breivogel/Documents/GitHub/gameJam-2018/Content/Textures/Gate_roughness.uasset" 331
"../../../../../../Users/Breivogel/Documents/GitHub/gameJam-2018/Content/Materials/M_GateMaster.uasset" 332
"../../../../../../Users/Breivogel/Documents/GitHub/gameJam-2018/Content/Textures/Gate_albedo.uasset" 333
"../../../../../../Users/Breivogel/Documents/GitHub/gameJam-2018/Content/Materials/MI_GatePost.uasset" 334
"../../../../../../Users/Breivogel/Documents/GitHub/gameJam-2018/Content/Materials/M_Glow.uasset" 335
"../../../../../../Users/Breivogel/Documents/GitHub/gameJam-2018/Content/Textures/Snow_Albedo.uasset" 336
"../../../../../../Users/Breivogel/Documents/GitHub/gameJam-2018/Content/Textures/Snow_Normal.uasset" 337
"../../../../../../Users/Breivogel/Documents/GitHub/gameJam-2018/Content/Materials/M_GroundSnow.uasset" 338
"../../../../../../Users/Breivogel/Documents/GitHub/gameJam-2018/Content/Materials/M_OverdrawFont.uasset" 339
"../../../../../../Users/Breivogel/Documents/GitHub/gameJam-2018/Content/Textures/StreetSign_1.uasset" 340
"../../../../../../Users/Breivogel/Documents/GitHub/gameJam-2018/Content/Textures/StreetSign_metallic.uasset" 341
"../../../../../../Users/Breivogel/Documents/GitHub/gameJam-2018/Content/Textures/StreetSign_normal.uasset" 342
"../../../../../../Users/Breivogel/Documents/GitHub/gameJam-2018/Content/Textures/StreetSign_roughness.uasset" 343
"../../../../../../Users/Breivogel/Documents/GitHub/gameJam-2018/Content/Materials/M_StreetSignMaster.uasset" 344
"../../../../../../Users/Breivogel/Documents/GitHub/gameJam-2018/Content/Textures/StreetSign_7.uasset" 345
"../../../../../../Users/Breivogel/Documents/GitHub/gameJam-2018/Content/Materials/M_SS6.uasset" 346
"../../../../../../Users/Breivogel/Documents/GitHub/gameJam-2018/Content/Textures/T_RubbleParticle.uasset" 347
"../../../../../../Users/Breivogel/Documents/GitHub/gameJam-2018/Content/Materials/ParticleMaterials/M_RubbleParticle.uasset" 348
"../../../../../../Users/Breivogel/Documents/GitHub/gameJam-2018/Content/Materials/WorldCoords-XY.uasset" 349
"../../../../../../Users/Breivogel/Documents/GitHub/gameJam-2018/Content/Textures/T_FieldGrass_01_D.uasset" 350
"../../../../../../Users/Breivogel/Documents/GitHub/gameJam-2018/Content/Textures/T_FieldGrass_02_M.uasset" 351
"../../../../../../Users/Breivogel/Documents/GitHub/gameJam-2018/Content/Textures/T_Water_N.uasset" 352
"../../../../../../Users/Breivogel/Documents/GitHub/gameJam-2018/Content/Materials/Grass/M_FieldGrass_01.uasset" 353
"../../../../../../Users/Breivogel/Documents/GitHub/gameJam-2018/Content/Meshes/GrassTest.uasset" 354
"../../../../../../Users/Breivogel/Documents/GitHub/gameJam-2018/Content/Meshes/GrenadeMesh.uasset" 355
"../../../../../../Users/Breivogel/Documents/GitHub/gameJam-2018/Content/Materials/Grass/M_FieldGrass_Inst_01.uasset" 356
"../../../../../../Users/Breivogel/Documents/GitHub/gameJam-2018/Content/Materials/Grass/M_FieldGrass_Inst_01_LOD1.uasset" 357
"../../../../../../Users/Breivogel/Documents/GitHub/gameJam-2018/Content/Materials/Grass/M_FieldGrass_Inst_01_LOD2.uasset" 358
"../../../../../../Users/Breivogel/Documents/GitHub/gameJam-2018/Content/Meshes/SM_FieldGrass_01.uasset" 359
"../../../../../../Users/Breivogel/Documents/GitHub/gameJam-2018/Content/Meshes/Buildings/Buildings_Style1_TunnelTop.uasset" 360
"../../../../../../Users/Breivogel/Documents/GitHub/gameJam-2018/Content/Meshes/MechParts/Mech_Chassis/Mech_Chassis1_PhysicsAsset.uasset" 361
"../../../../../../Users/Breivogel/Documents/GitHub/gameJam-2018/Content/Meshes/MechParts/Mech_Chassis/Mech_Chassis1_Skeleton.uasset" 362
"../../../../../../Users/Breivogel/Documents/GitHub/gameJam-2018/Content/Meshes/MechParts/Mech_Chassis/Mech_Chassis1.uasset" 363
"../../../../../../Users/Breivogel/Documents/GitHub/gameJam-2018/Content/Meshes/MechParts/Mesh_Arms/Mech_Arms_Arm1_PhysicsAsset.uasset" 364
"../../../../../../Users/Breivogel/Documents/GitHub/gameJam-2018/Content/Meshes/MechParts/Mesh_Arms/Mech_Arms_Arm1.uasset" 365
"../../../../../../Users/Breivogel/Documents/GitHub/gameJam-2018/Content/Meshes/MechParts/Mesh_Arms/Mech_GatlingArm1_PhysicsAsset.uasset" 366
"../../../../../../Users/Breivogel/Documents/GitHub/gameJam-2018/Content/Meshes/MechParts/Mesh_Arms/Mech_GatlingArm1.uasset" 367
"../../../../../../Users/Breivogel/Documents/GitHub/gameJam-2018/Content/Meshes/MechParts/Mesh_Arms/Mech_GrenadeLauncher_PhysicsAsset.uasset" 368
"../../../../../../Users/Breivogel/Documents/GitHub/gameJam-2018/Content/Meshes/MechParts/Mesh_Arms/Mech_GrenadeLauncher.uasset" 369
"../../../../../../Users/Breivogel/Documents/GitHub/gameJam-2018/Content/Meshes/MechParts/Mesh_Arms/Mech_HammerArm_PhysicsAsset.uasset" 370
"../../../../../../Users/Breivogel/Documents/GitHub/gameJam-2018/Content/Meshes/MechParts/Mesh_Arms/Mech_HammerArm.uasset" 371
"../../../../../../Users/Breivogel/Documents/GitHub/gameJam-2018/Content/Meshes/MechParts/Mesh_Arms/Mech_SwordArm_PhysicsAsset.uasset" 372
"../../../../../../Users/Breivogel/Documents/GitHub/gameJam-2018/Content/Meshes/MechParts/Mesh_Arms/Mech_SwordArm.uasset" 373
"../../../../../../Users/Breivogel/Documents/GitHub/gameJam-2018/Content/Meshes/Props/HealingStation.uasset" 374
"../../../../../../Users/Breivogel/Documents/GitHub/gameJam-2018/Content/Textures/T_Dust_Particle_D.uasset" 375
"../../../../../../Users/Breivogel/Documents/GitHub/gameJam-2018/Content/Materials/ParticleMaterials/M_Dust_Particle.uasset" 376
"../../../../../../Users/Breivogel/Documents/GitHub/gameJam-2018/Content/ParticleEffects/P_Ambient_Dust.uasset" 377
"../../../../../../Users/Breivogel/Documents/GitHub/gameJam-2018/Content/ParticleEffects/P_Smoke.uasset" 378
"../../../../../../Users/Breivogel/Documents/GitHub/gameJam-2018/Content/ParticleEffects/P_Steam_Lit.uasset" 379
"../../../Engine/Content/EngineMaterials/OrientParticle.uasset" 380
"../../../Engine/Content/EngineMaterials/DefaultParticle.uasset" 381
"../../../../../../Users/Breivogel/Documents/GitHub/gameJam-2018/Content/ParticleEffects/RocketExplosion.uasset" 382
"../../../../../../Users/Breivogel/Documents/GitHub/gameJam-2018/Content/Textures/Asphalt_Cracked_normal.uasset" 383
"../../../../../../Users/Breivogel/Documents/GitHub/gameJam-2018/Content/Textures/Snow_Displacement.uasset" 384
"../../../../../../Users/Breivogel/Documents/GitHub/gameJam-2018/Content/Textures/T_CrackMask.uasset" 385
"../../../../../../Users/Breivogel/Documents/GitHub/gameJam-2018/Content/Textures/T_GroundCover_Normal.uasset" 386
"../../../../../../Users/Breivogel/Documents/GitHub/gameJam-2018/Content/Textures/T_MuzzleFlash_1.uasset" 387
"../../../../../../Users/Breivogel/Documents/GitHub/gameJam-2018/Content/Textures/T_MuzzleFlash_2.uasset" 388
"../../../../../../Users/Breivogel/Documents/GitHub/gameJam-2018/Content/Textures/T_MuzzleFlash_3.uasset" 389
"../../../../../../Users/Breivogel/Documents/GitHub/gameJam-2018/Content/Textures/T_Noise.uasset" 390
"../../../Engine/Content/EditorMaterials/Anchor.uasset" 391
"../../../../../../Users/Breivogel/Documents/GitHub/gameJam-2018/Content/UI/mouseWidget.uasset" 392
"../../../Engine/Content/ArtTools/RenderToTexture/Meshes/S_1_Unit_Plane.uasset" 393
"../../../Engine/Content/BasicShapes/Cone.uasset" 394
"../../../Engine/Content/BasicShapes/Cylinder.uasset" 395
"../../../Engine/Content/EditorLandscapeResources/DataLayer.uasset" 396
"../../../Engine/Content/EditorMaterials/GizmoMaterial.uasset" 397
"../../../Engine/Content/EditorMaterials/MAT_Groups_Toggle.uasset" 398
"../../../Engine/Content/EditorMaterials/MAT_Groups_Visibility.uasset" 399
"../../../Engine/Content/EditorMaterials/PreviewShadowIndicator.uasset" 400
"../../../Engine/Content/EditorMaterials/PreviewShadowIndicatorMaterial.uasset" 401
"../../../Engine/Content/EditorMaterials/MatineeGroups/MAT_ColorTrack.uasset" 402
"../../../Engine/Content/EditorMaterials/MatineeGroups/MAT_Groups_Anim.uasset" 403
"../../../Engine/Content/EditorMaterials/MatineeGroups/MAT_Groups_AudioMaster.uasset" 404
"../../../Engine/Content/EditorMaterials/MatineeGroups/MAT_Groups_Director.uasset" 405
"../../../Engine/Content/EditorMaterials/MatineeGroups/MAT_Groups_Event.uasset" 406
"../../../Engine/Content/EditorMaterials/MatineeGroups/MAT_Groups_Fade.uasset" 407
"../../../Engine/Content/EditorMaterials/MatineeGroups/MAT_Groups_Float.uasset" 408
"../../../Engine/Content/EditorMaterials/MatineeGroups/MAT_Groups_Move.uasset" 409
"../../../Engine/Content/EditorMaterials/MatineeGroups/MAT_Groups_Slomo.uasset" 410
"../../../Engine/Content/EditorMaterials/MatineeGroups/MAT_Groups_Sound.uasset" 411
"../../../Engine/Content/EditorMaterials/MatineeGroups/MAT_Groups_Vector.uasset" 412
"../../../Engine/Content/EditorMaterials/ParticleSystems/PSysThumbnail_NoImage.uasset" 413
"../../../Engine/Content/EditorMaterials/ParticleSystems/PSysThumbnail_OOD.uasset" 414
"../../../Engine/Content/EditorMaterials/Camera/CineMat.uasset" 415
"../../../Engine/Content/EditorMaterials/Camera/MI_CineMat_Rig.uasset" 416
"../../../Engine/Content/EditorMeshes/Camera/SM_CraneRig_Arm.uasset" 417
"../../../Engine/Content/EditorMeshes/Camera/SM_CraneRig_Base.uasset" 418
"../../../Engine/Content/EditorMeshes/Camera/SM_CraneRig_Body.uasset" 419
"../../../Engine/Content/EditorMeshes/Camera/SM_CraneRig_Mount.uasset" 420
"../../../Engine/Content/EditorMeshes/Camera/SM_RailRig_Mount.uasset" 421
"../../../Engine/Content/EditorMeshes/Camera/SM_RailRig_Track.uasset" 422
"../../../Engine/Content/EditorResources/BSPVertex.uasset" 423
"../../../Engine/Content/EditorResources/EmptyActor.uasset" 424
"../../../Engine/Content/EditorResources/S_Actor.uasset" 425
"../../../Engine/Content/EditorResources/S_Trigger.uasset" 426
"../../../Engine/Content/EditorResources/AudioIcons/S_AudioComponent.uasset" 427
"../../../Engine/Content/EditorResources/AudioIcons/S_AudioComponent_AutoActivate.uasset" 428
"../../../Engine/Content/EditorResources/LightIcons/S_LightError.uasset" 429
"../../../Engine/Content/EditorResources/SequenceRecorder/Countdown.uasset" 430
"../../../Engine/Content/EditorResources/SequenceRecorder/RecordingIndicator.uasset" 431
"../../../Engine/Content/EditorSounds/Notifications/CompileFailed.uasset" 432
"../../../Engine/Content/EditorSounds/Notifications/CompileFailed_Cue.uasset" 433
"../../../Engine/Content/EditorSounds/Notifications/CompileSuccess.uasset" 434
"../../../Engine/Content/EditorSounds/Notifications/CompileStart_Cue.uasset" 435
"../../../Engine/Content/EditorSounds/Notifications/CompileSuccess_Cue.uasset" 436
"../../../Engine/Content/EngineDamageTypes/DmgTypeBP_Environmental.uasset" 437
"../../../Engine/Content/EngineDebugMaterials/HeatmapGradient.uasset" 438
"../../../Engine/Content/EngineDebugMaterials/BoneWeightMaterial.uasset" 439
"../../../Engine/Content/EngineDebugMaterials/ClothMaterial.uasset" 440
"../../../Engine/Content/EngineDebugMaterials/ClothMaterial_WF.uasset" 441
"../../../Engine/Content/EngineDebugMaterials/DebugEditorMaterial.uasset" 442
"../../../Engine/Content/EngineDebugMaterials/DebugMeshMaterial.uasset" 443
"../../../Engine/Content/EngineDebugMaterials/GeomMaterial.uasset" 444
"../../../Engine/Content/EngineDebugMaterials/M_SimpleTranslucent.uasset" 445
"../../../Engine/Content/EngineFonts/Faces/RobotoBold.uasset" 446
"../../../Engine/Content/EngineFonts/Faces/RobotoBoldItalic.uasset" 447
"../../../Engine/Content/EngineFonts/Faces/RobotoItalic.uasset" 448
"../../../Engine/Content/EngineFonts/Faces/RobotoLight.uasset" 449
"../../../Engine/Content/EngineFonts/Faces/RobotoRegular.uasset" 450
"../../../Engine/Content/EngineFonts/Roboto.uasset" 451
"../../../Engine/Content/EngineFonts/Faces/RobotoTiny.uasset" 452
"../../../Engine/Content/EngineFonts/RobotoTiny.uasset" 453
"../../../Engine/Content/EngineMaterials/BaseFlattenDiffuseMap.uasset" 454
"../../../Engine/Content/EngineMaterials/BaseFlattenEmissiveMap.uasset" 455
"../../../Engine/Content/EngineMaterials/BaseFlattenGrayscaleMap.uasset" 456
"../../../Engine/Content/EngineMaterials/BaseFlattenNormalMap.uasset" 457
"../../../Engine/Content/EngineMaterials/BaseFlattenMaterial.uasset" 458
"../../../Engine/Content/EngineMaterials/DefaultBloomKernel.uasset" 459
"../../../Engine/Content/EngineMaterials/DefaultBokeh.uasset" 460
"../../../Engine/Content/EngineMaterials/DefaultDeferredDecalMaterial.uasset" 461
"../../../Engine/Content/EngineMaterials/DefaultLightFunctionMaterial.uasset" 462
"../../../Engine/Content/EngineMaterials/DefaultPhysicalMaterial.uasset" 463
"../../../Engine/Content/EngineMaterials/DefaultPostProcessMaterial.uasset" 464
"../../../Engine/Content/EngineFonts/RobotoDistanceField.uasset" 465
"../../../Engine/Content/EngineMaterials/DefaultTextMaterialOpaque.uasset" 466
"../../../Engine/Content/EngineMaterials/DefaultWhiteGrid.uasset" 467
"../../../Engine/Content/EngineMaterials/EditorBrushMaterial.uasset" 468
"../../../Engine/Content/EngineMaterials/MiniFont.uasset" 469
"../../../Engine/Content/EngineMaterials/InvalidLightmapSettings.uasset" 470
"../../../Engine/Content/EngineMaterials/M_InvalidLightmapSettings.uasset" 471
"../../../Engine/Content/Functions/Engine_MaterialFunctions02/WorldPositionOffset/CameraOffset.uasset" 472
"../../../Engine/Content/EngineMaterials/PhAT_JointLimitMaterial.uasset" 473
"../../../Engine/Content/EngineMaterials/PreintegratedSkinBRDF.uasset" 474
"../../../Engine/Content/EngineMaterials/RemoveSurfaceMaterial.uasset" 475
"../../../Engine/Content/EngineMaterials/WeightMapPlaceholderTexture.uasset" 476
"../../../Engine/Content/EngineMaterials/Widget3DPassThrough.uasset" 477
"../../../Engine/Content/EngineMaterials/Widget3DPassThrough_Masked.uasset" 478
"../../../Engine/Content/EngineMaterials/Widget3DPassThrough_Opaque.uasset" 479
"../../../Engine/Content/EngineMaterials/Widget3DPassThrough_Masked_OneSided.uasset" 480
"../../../Engine/Content/EngineMaterials/Widget3DPassThrough_Opaque_OneSided.uasset" 481
"../../../Engine/Content/EngineMaterials/Widget3DPassThrough_Translucent.uasset" 482
"../../../Engine/Content/EngineMaterials/Widget3DPassThrough_Translucent_OneSided.uasset" 483
"../../../Engine/Content/EngineMeshes/Cylinder.uasset" 484
"../../../Engine/Content/EngineMeshes/Sphere.uasset" 485
"../../../Engine/Content/EngineResources/Black.uasset" 486
"../../../Engine/Content/EngineResources/DefaultTexture.uasset" 487
"../../../Engine/Content/EngineResources/DefaultTextureCube.uasset" 488
"../../../Engine/Content/EngineResources/DefaultVolumeTexture2D.uasset" 489
"../../../Engine/Content/EngineResources/DefaultVolumeTexture.uasset" 490
"../../../Engine/Content/EngineResources/GradientTexture0.uasset" 491
"../../../Engine/Content/EngineSounds/Master.uasset" 492
"../../../Engine/Content/Functions/Engine_MaterialFunctions01/Shading/ConvertFromDiffSpec.uasset" 493
"../../../Engine/Content/Functions/Engine_MaterialFunctions01/Shading/PowerToRoughness.uasset" 494
"../../../Engine/Content/Maps/Templates/Thumbnails/Default.uasset" 495
"../../../Engine/Content/Maps/Templates/Thumbnails/VR-Basic.uasset" 496
"../../../Engine/Content/MobileResources/T_MobileControls_texture.uasset" 497
"../../../Engine/Content/MobileResources/T_MobileMenu2.uasset" 498
"../../../Engine/Content/MobileResources/HUD/AnalogHat.uasset" 499
"../../../Engine/Content/MobileResources/HUD/VirtualJoystick_Background.uasset" 500
"../../../Engine/Content/MobileResources/HUD/VirtualJoystick_Thumb.uasset" 501
"../../../Engine/Content/MobileResources/HUD/DefaultVirtualJoysticks.uasset" 502
"../../../Engine/Content/MobileResources/HUD/LeftVirtualJoystickOnly.uasset" 503
"../../../Engine/Content/MobileResources/HUD/MobileHUDButton1_off.uasset" 504
"../../../Engine/Content/MobileResources/HUD/MobileHUDButton1_on.uasset" 505
"../../../Engine/Content/MobileResources/HUD/MobileHUDButton2_off.uasset" 506
"../../../Engine/Content/MobileResources/HUD/MobileHUDButton2_on.uasset" 507
"../../../Engine/Content/MobileResources/HUD/MobileHUDButton3.uasset" 508
"../../../Engine/Content/MobileResources/HUD/MobileHUDButtonFire.uasset" 509
"../../../Engine/Content/MobileResources/HUD/MobileHUDDirectionPad.uasset" 510
"../../../Engine/Content/MobileResources/HUD/MobileHUDDirectionPad2.uasset" 511
"../../../Engine/Content/MobileResources/HUD/MobileHUDDirectionPad3.uasset" 512
"../../../Engine/Content/MobileResources/HUD/MobileHUDDirectionStick.uasset" 513
"../../../Engine/Content/MobileResources/HUD/T_Castle_ThumbstickInner.uasset" 514
"../../../Engine/Content/MobileResources/HUD/T_Castle_ThumbstickOutter.uasset" 515
"../../../Engine/Content/Tutorial/ContentIntroCurve.uasset" 516
"../../../Engine/Content/Tutorial/Basics/TutorialAssets/icon_tab_Levels_40x.uasset" 517
"../../../Engine/Content/VREditor/LaserPointer/VR_LaserPower_01.uasset" 518
"../../../Engine/Content/VREditor/TransformGizmo/TransformGizmoMaterial.uasset" 519
"../../../Engine/Content/VREditor/TransformGizmo/TranslucentTransformGizmoMaterial.uasset" 520
"../../../Engine/Content/VREditor/TransformGizmo/BoundingBoxCorner.uasset" 521
"../../../Engine/Content/VREditor/TransformGizmo/BoundingBoxEdge.uasset" 522
"../../../Engine/Content/VREditor/TransformGizmo/PlaneTranslationHandle.uasset" 523
"../../../Engine/Content/VREditor/TransformGizmo/Main.uasset" 524
"../../../Engine/Content/VREditor/TransformGizmo/Xray.uasset" 525
"../../../Engine/Content/VREditor/TransformGizmo/SM_Sequencer_Key.uasset" 526
"../../../Engine/Content/VREditor/TransformGizmo/SM_Sequencer_Node.uasset" 527
"../../Plugins/2D/Paper2D/Content/PlaceholderTextures/DummySpriteTexture.uasset" 528
"../../Plugins/2D/Paper2D/Content/DummySprite.uasset" 529
"../../Plugins/2D/Paper2D/Content/DefaultPaperTerrainMaterial.uasset" 530
"../../Plugins/2D/Paper2D/Content/DefaultSpriteMaterial.uasset" 531
"../../Plugins/2D/Paper2D/Content/MaskedUnlitSpriteMaterial.uasset" 532
"../../Plugins/2D/Paper2D/Content/OpaqueUnlitSpriteMaterial.uasset" 533
"../../Plugins/Runtime/Oculus/OculusVR/Content/Materials/PokeAHoleMaterial.uasset" 534
"../../Plugins/Runtime/Oculus/OculusVR/Content/Textures/GearVRController_AO.uasset" 535
"../../Plugins/Runtime/Oculus/OculusVR/Content/Textures/GearVRController_Color.uasset" 536
"../../Plugins/Runtime/Oculus/OculusVR/Content/Textures/GearVRController_Normal.uasset" 537
"../../Plugins/Runtime/Oculus/OculusVR/Content/Materials/GearVRControllerMaterial.uasset" 538
"../../Plugins/Runtime/Oculus/OculusVR/Content/Meshes/GearVrController.uasset" 539
"../../Plugins/Runtime/Oculus/OculusVR/Content/Textures/touchController_albedo.uasset" 540
"../../Plugins/Runtime/Oculus/OculusVR/Content/Textures/touchController_controlmap.uasset" 541
"../../Plugins/Runtime/Oculus/OculusVR/Content/Materials/touchController_mat.uasset" 542
"../../Plugins/Runtime/Oculus/OculusVR/Content/Meshes/LeftTouchController.uasset" 543
"../../Plugins/Runtime/Oculus/OculusVR/Content/Meshes/RiftHMD.uasset" 544
"../../Plugins/Runtime/Oculus/OculusVR/Content/Meshes/RightTouchController.uasset" 545
"../../../Engine/Content/EngineSky/C_Sky_Cloud_Color.uasset" 546
"../../../Engine/Content/EngineSky/C_Sky_Horizon_Color.uasset" 547
"../../../Engine/Content/EngineSky/C_Sky_Zenith_Color.uasset" 548
"../../../Engine/Content/EngineSky/T_Sky_Blue.uasset" 549
"../../../Engine/Content/EngineSky/T_Sky_Clouds_M.uasset" 550
"../../../Engine/Content/EngineSky/T_Sky_Stars.uasset" 551
"../../../Engine/Content/EngineSky/M_Sky_Panning_Clouds2.uasset" 552
"../../../Engine/Content/EngineSky/SM_SkySphere.uasset" 553
"../../../Engine/Content/EngineSky/BP_Sky_Sphere.uasset" 554
"../../../../../../Users/Breivogel/Documents/GitHub/gameJam-2018/Content/Materials/M_TopFade.uasset" 555
"../../../../../../Users/Breivogel/Documents/GitHub/gameJam-2018/Content/Meshes/Buildings/Buildings_Style1_TunnelTop_Single.uasset" 556
"../../../../../../Users/Breivogel/Documents/GitHub/gameJam-2018/Content/Meshes/OffsetCube.uasset" 557
"../../../../../../Users/Breivogel/Documents/GitHub/gameJam-2018/Content/Blueprints/BP_Tunnel.uasset" 558
"../../../../../../Users/Breivogel/Documents/GitHub/gameJam-2018/Content/Textures/T_Fern_Albedo.uasset" 559
"../../../../../../Users/Breivogel/Documents/GitHub/gameJam-2018/Content/Textures/T_Fern_Mask.uasset" 560
"../../../../../../Users/Breivogel/Documents/GitHub/gameJam-2018/Content/Textures/T_Fern_Normals.uasset" 561
"../../../../../../Users/Breivogel/Documents/GitHub/gameJam-2018/Content/Textures/T_Fern_Roughness.uasset" 562
"../../../../../../Users/Breivogel/Documents/GitHub/gameJam-2018/Content/Materials/M_PlantMaster.uasset" 563
"../../../../../../Users/Breivogel/Documents/GitHub/gameJam-2018/Content/Meshes/Foliage/Foliage_Fern1.uasset" 564
"../../../../../../Users/Breivogel/Documents/GitHub/gameJam-2018/Content/Meshes/Foliage/Foliage_Fern1_FoliageType.uasset" 565
"../../../../../../Users/Breivogel/Documents/GitHub/gameJam-2018/Content/Maps/MainMenu_BuiltData.uasset" 566
"../../../../../../Users/Breivogel/Documents/GitHub/gameJam-2018/Content/Textures/T_GroundCover.uasset" 567
"../../../../../../Users/Breivogel/Documents/GitHub/gameJam-2018/Content/Materials/Decal_Grass.uasset" 568
"../../../Engine/Content/Engine_MI_Shaders/T_Base_Tile_Normal.uasset" 569
"../../../Engine/Content/Functions/Engine_MaterialFunctions03/ComplexMotion/Motion_4WayChaos_Normal.uasset" 570
"../../../../../../Users/Breivogel/Documents/GitHub/gameJam-2018/Content/Textures/T_WaterNormals.uasset" 571
"../../../../../../Users/Breivogel/Documents/GitHub/gameJam-2018/Content/Materials/Decal_Puddle1.uasset" 572
"../../../../../../Users/Breivogel/Documents/GitHub/gameJam-2018/Content/Materials/M_GodRay.uasset" 573
"../../../../../../Users/Breivogel/Documents/GitHub/gameJam-2018/Content/Materials/DecalInstance_GroundCover.uasset" 574
"../../../../../../Users/Breivogel/Documents/GitHub/gameJam-2018/Content/Textures/Bus_Albedo_2.uasset" 575
"../../../../../../Users/Breivogel/Documents/GitHub/gameJam-2018/Content/Materials/MI_Vehicle.uasset" 576
"../../../Engine/Content/BasicShapes/Plane.uasset" 577
"../../../../../../Users/Breivogel/Documents/GitHub/gameJam-2018/Content/Audio/WAV_ForestLoop.uasset" 578
"../../../../../../Users/Breivogel/Documents/GitHub/gameJam-2018/Content/Audio/WAV_Music_Background.uasset" 579
"../../../../../../Users/Breivogel/Documents/GitHub/gameJam-2018/Content/Meshes/Buildings/Buildings_Style1_2.uasset" 580
"../../../../../../Users/Breivogel/Documents/GitHub/gameJam-2018/Content/Meshes/Buildings/Buildings_Style1_3_Half.uasset" 581
"../../../../../../Users/Breivogel/Documents/GitHub/gameJam-2018/Content/Textures/Building_Tunnel_albedo.uasset" 582
"../../../../../../Users/Breivogel/Documents/GitHub/gameJam-2018/Content/Textures/Building_Tunnel_metallic.uasset" 583
"../../../../../../Users/Breivogel/Documents/GitHub/gameJam-2018/Content/Textures/Building_Tunnel_normal.uasset" 584
"../../../../../../Users/Breivogel/Documents/GitHub/gameJam-2018/Content/Textures/Building_Tunnel_roughness.uasset" 585
"../../../../../../Users/Breivogel/Documents/GitHub/gameJam-2018/Content/Materials/MI_Tunnel.uasset" 586
"../../../../../../Users/Breivogel/Documents/GitHub/gameJam-2018/Content/Meshes/Buildings/Buildings_Style1_Tunnel.uasset" 587
"../../../../../../Users/Breivogel/Documents/GitHub/gameJam-2018/Content/Meshes/Buildings/Sidewalk/Sidewalk_Medium.uasset" 588
"../../../../../../Users/Breivogel/Documents/GitHub/gameJam-2018/Content/Meshes/CustomFloor.uasset" 589
"../../../Engine/Content/Functions/Engine_MaterialFunctions01/WorldPositionOffset/SimpleGrassWind.uasset" 590
"../../../../../../Users/Breivogel/Documents/GitHub/gameJam-2018/Content/Textures/T_Gradient.uasset" 591
"../../../../../../Users/Breivogel/Documents/GitHub/gameJam-2018/Content/Textures/T_IvyLeaf.uasset" 592
"../../../../../../Users/Breivogel/Documents/GitHub/gameJam-2018/Content/Textures/T_IvyLeaf_Mask.uasset" 593
"../../../../../../Users/Breivogel/Documents/GitHub/gameJam-2018/Content/Textures/T_IvyLeaf_Normal.uasset" 594
"../../../../../../Users/Breivogel/Documents/GitHub/gameJam-2018/Content/Textures/T_IvyLeaf_Roughness.uasset" 595
"../../../../../../Users/Breivogel/Documents/GitHub/gameJam-2018/Content/Materials/Leaf_Complex.uasset" 596
"../../../../../../Users/Breivogel/Documents/GitHub/gameJam-2018/Content/Materials/Leaf_Simple.uasset" 597
"../../../../../../Users/Breivogel/Documents/GitHub/gameJam-2018/Content/Meshes/Foliage/Ivy1.uasset" 598
"../../../../../../Users/Breivogel/Documents/GitHub/gameJam-2018/Content/Textures/T_Bark.uasset" 599
"../../../../../../Users/Breivogel/Documents/GitHub/gameJam-2018/Content/Textures/T_Bark_Normals.uasset" 600
"../../../../../../Users/Breivogel/Documents/GitHub/gameJam-2018/Content/Materials/Bark1.uasset" 601
"../../../../../../Users/Breivogel/Documents/GitHub/gameJam-2018/Content/Meshes/Foliage/Tree_1.uasset" 602
"../../../../../../Users/Breivogel/Documents/GitHub/gameJam-2018/Content/Meshes/Props/Barricade.uasset" 603
"../../../../../../Users/Breivogel/Documents/GitHub/gameJam-2018/Content/Meshes/Props/BrickPile_1.uasset" 604
"../../../../../../Users/Breivogel/Documents/GitHub/gameJam-2018/Content/Meshes/Props/BrickPile_2.uasset" 605
"../../../../../../Users/Breivogel/Documents/GitHub/gameJam-2018/Content/Meshes/Props/BrickPile_4.uasset" 606
"../../../../../../Users/Breivogel/Documents/GitHub/gameJam-2018/Content/Meshes/Props/Bus_1.uasset" 607
"../../../../../../Users/Breivogel/Documents/GitHub/gameJam-2018/Content/Meshes/Props/Car_1.uasset" 608
"../../../../../../Users/Breivogel/Documents/GitHub/gameJam-2018/Content/Meshes/Props/Car_Ivy.uasset" 609
"../../../../../../Users/Breivogel/Documents/GitHub/gameJam-2018/Content/Meshes/Props/RubblePile_1.uasset" 610
"../../../../../../Users/Breivogel/Documents/GitHub/gameJam-2018/Content/Meshes/Props/RubblePile_2.uasset" 611
"../../../../../../Users/Breivogel/Documents/GitHub/gameJam-2018/Content/Meshes/Props/RubblePile_3.uasset" 612
"../../../../../../Users/Breivogel/Documents/GitHub/gameJam-2018/Content/UI/MainMenu.uasset" 613
"../../../../../../Users/Breivogel/Documents/GitHub/gameJam-2018/Content/Maps/MainMenu.umap" 614
"../../../../../../Users/Breivogel/Documents/GitHub/gameJam-2018/Content/Audio/WAV_Alert3.uasset" 615
"../../../../../../Users/Breivogel/Documents/GitHub/gameJam-2018/Content/Audio/WAV_Greeting.uasset" 616
"../../../../../../Users/Breivogel/Documents/GitHub/gameJam-2018/Content/Audio/Cue_HeavyAlert.uasset" 617
"../../../../../../Users/Breivogel/Documents/GitHub/gameJam-2018/Content/Blueprints/Enemies/HeavyEnemy.uasset" 618
"../../../../../../Users/Breivogel/Documents/GitHub/gameJam-2018/Content/Audio/WAV_Gate.uasset" 619
"../../../../../../Users/Breivogel/Documents/GitHub/gameJam-2018/Content/Meshes/Buildings/Gate_Left.uasset" 620
"../../../../../../Users/Breivogel/Documents/GitHub/gameJam-2018/Content/Textures/Gate_Right_albedo.uasset" 621
"../../../../../../Users/Breivogel/Documents/GitHub/gameJam-2018/Content/Materials/MI_RightGate.uasset" 622
"../../../../../../Users/Breivogel/Documents/GitHub/gameJam-2018/Content/Meshes/Buildings/Gate_Right.uasset" 623
"../../../../../../Users/Breivogel/Documents/GitHub/gameJam-2018/Content/Meshes/Buildings/Gate_Sides.uasset" 624
"../../../../../../Users/Breivogel/Documents/GitHub/gameJam-2018/Content/Blueprints/BP_Gate.uasset" 625
"../../../../../../Users/Breivogel/Documents/GitHub/gameJam-2018/Content/Materials/M_Tip.uasset" 626
"../../../../../../Users/Breivogel/Documents/GitHub/gameJam-2018/Content/UI/Tip.uasset" 627
"../../../../../../Users/Breivogel/Documents/GitHub/gameJam-2018/Content/Blueprints/BP_Tip.uasset" 628
"../../../../../../Users/Breivogel/Documents/GitHub/gameJam-2018/Content/UI/DestructableMeshHealthBar.uasset" 629
"../../../../../../Users/Breivogel/Documents/GitHub/gameJam-2018/Content/Textures/Dumpster_albedo.uasset" 630
"../../../../../../Users/Breivogel/Documents/GitHub/gameJam-2018/Content/Textures/Dumpster_metallic.uasset" 631
"../../../../../../Users/Breivogel/Documents/GitHub/gameJam-2018/Content/Textures/Dumpster_normal.uasset" 632
"../../../../../../Users/Breivogel/Documents/GitHub/gameJam-2018/Content/Textures/Dumpster_roughness.uasset" 633
"../../../../../../Users/Breivogel/Documents/GitHub/gameJam-2018/Content/Materials/Mat_Dumpster.uasset" 634
"../../../../../../Users/Breivogel/Documents/GitHub/gameJam-2018/Content/Meshes/Props/Dumpster.uasset" 635
"../../../../../../Users/Breivogel/Documents/GitHub/gameJam-2018/Content/Blueprints/DestructableMesh.uasset" 636
"../../../../../../Users/Breivogel/Documents/GitHub/gameJam-2018/Content/Audio/WAV_GeneratorDestroy.uasset" 637
"../../../../../../Users/Breivogel/Documents/GitHub/gameJam-2018/Content/Meshes/Props/Generator.uasset" 638
"../../../../../../Users/Breivogel/Documents/GitHub/gameJam-2018/Content/Blueprints/BP_Generator.uasset" 639
"../../../../../../Users/Breivogel/Documents/GitHub/gameJam-2018/Content/Meshes/HealingStation_Animated_Skeleton.uasset" 640
"../../../../../../Users/Breivogel/Documents/GitHub/gameJam-2018/Content/Meshes/HealingStation_Animated_Anim_StationArm_StationArmAction_001.uasset" 641
"../../../../../../Users/Breivogel/Documents/GitHub/gameJam-2018/Content/Meshes/HealingStation_Animated_PhysicsAsset.uasset" 642
"../../../../../../Users/Breivogel/Documents/GitHub/gameJam-2018/Content/Meshes/HealingStation_Animated.uasset" 643
"../../../../../../Users/Breivogel/Documents/GitHub/gameJam-2018/Content/Blueprints/BP_HealthStation.uasset" 644
"../../../../../../Users/Breivogel/Documents/GitHub/gameJam-2018/Content/Blueprints/BP_KillVolume.uasset" 645
"../../../../../../Users/Breivogel/Documents/GitHub/gameJam-2018/Content/Blueprints/BP_LevelStreamingVolume.uasset" 646
"../../../../../../Users/Breivogel/Documents/GitHub/gameJam-2018/Content/Blueprints/BP_PersistantTip.uasset" 647
"../../../../../../Users/Breivogel/Documents/GitHub/gameJam-2018/Content/Meshes/Characters/Boss_Crab_Legs2_PhysicsAsset.uasset" 648
"../../../../../../Users/Breivogel/Documents/GitHub/gameJam-2018/Content/Meshes/Characters/Boss_Crab_Legs2_Skeleton.uasset" 649
"../../../../../../Users/Breivogel/Documents/GitHub/gameJam-2018/Content/Meshes/Characters/Boss_Crab_Legs2.uasset" 650
"../../../../../../Users/Breivogel/Documents/GitHub/gameJam-2018/Content/Meshes/Characters/Boss_Crab_Shell.uasset" 651
"../../../../../../Users/Breivogel/Documents/GitHub/gameJam-2018/Content/Blueprints/Enemies/Boss_Crab.uasset" 652
"../../../../../../Users/Breivogel/Documents/GitHub/gameJam-2018/Content/Blueprints/GameMode.uasset" 653
"../../../../../../Users/Breivogel/Documents/GitHub/gameJam-2018/Content/Textures/T_Cattail_Albedo.uasset" 654
"../../../../../../Users/Breivogel/Documents/GitHub/gameJam-2018/Content/Materials/M_Cattail.uasset" 655
"../../../../../../Users/Breivogel/Documents/GitHub/gameJam-2018/Content/Meshes/Foliage/Foliage_Cattails1.uasset" 656
"../../../../../../Users/Breivogel/Documents/GitHub/gameJam-2018/Content/Meshes/Foliage/Foliage_Cattails1_FoliageType.uasset" 657
"../../../../../../Users/Breivogel/Documents/GitHub/gameJam-2018/Content/Materials/MI_PlantLight.uasset" 658
"../../../../../../Users/Breivogel/Documents/GitHub/gameJam-2018/Content/Meshes/Foliage/Foliage_Fern2.uasset" 659
"../../../../../../Users/Breivogel/Documents/GitHub/gameJam-2018/Content/Meshes/Foliage/Foliage_Fern2_FoliageType.uasset" 660
"../../../../../../Users/Breivogel/Documents/GitHub/gameJam-2018/Content/Materials/M_TallGrass.uasset" 661
"../../../../../../Users/Breivogel/Documents/GitHub/gameJam-2018/Content/Meshes/Foliage/TallGrass.uasset" 662
"../../../../../../Users/Breivogel/Documents/GitHub/gameJam-2018/Content/Meshes/Foliage/TallGrass_FoliageType.uasset" 663
"../../../../../../Users/Breivogel/Documents/GitHub/gameJam-2018/Content/Level1-Persistant_BuiltData.uasset" 664
"../../../../../../Users/Breivogel/Documents/GitHub/gameJam-2018/Content/Textures/T_FallenLeaf_Albedo.uasset" 665
"../../../../../../Users/Breivogel/Documents/GitHub/gameJam-2018/Content/Textures/T_FallenLeafMask.uasset" 666
"../../../../../../Users/Breivogel/Documents/GitHub/gameJam-2018/Content/Materials/Decal_FallenLEaves.uasset" 667
"../../../../../../Users/Breivogel/Documents/GitHub/gameJam-2018/Content/Materials/Decal_Moss.uasset" 668
"../../../../../../Users/Breivogel/Documents/GitHub/gameJam-2018/Content/Materials/M_CableMaster.uasset" 669
"../../../../../../Users/Breivogel/Documents/GitHub/gameJam-2018/Content/Materials/MI_Cable_Blue.uasset" 670
"../../../../../../Users/Breivogel/Documents/GitHub/gameJam-2018/Content/Materials/MI_Cable_Green.uasset" 671
"../../../../../../Users/Breivogel/Documents/GitHub/gameJam-2018/Content/Materials/MI_Cable_Red.uasset" 672
"../../../../../../Users/Breivogel/Documents/GitHub/gameJam-2018/Content/Audio/WAV_SwampLoop.uasset" 673
"../../../../../../Users/Breivogel/Documents/GitHub/gameJam-2018/Content/Meshes/Props/Mech_Test2_Ivy.uasset" 674
"../../../../../../Users/Breivogel/Documents/GitHub/gameJam-2018/Content/Meshes/Props/Transformer.uasset" 675
"../../../../../../Users/Breivogel/Documents/GitHub/gameJam-2018/Content/Meshes/Props/TransformerNode.uasset" 676
"../../../../../../Users/Breivogel/Documents/GitHub/gameJam-2018/Content/ParticleEffects/P_Fog.uasset" 677
"../../../../../../Users/Breivogel/Documents/GitHub/gameJam-2018/Content/Level1-Persistant.umap" 678
"../../../../../../Users/Breivogel/Documents/GitHub/gameJam-2018/Content/Blueprints/BP_OpenGate.uasset" 679
"../../../Engine/Content/Functions/Engine_MaterialFunctions03/ComplexMotion/Motion_4WayChaos.uasset" 680
"../../../../../../Users/Breivogel/Documents/GitHub/gameJam-2018/Content/Materials/Decal_Oil.uasset" 681
"../../../../../../Users/Breivogel/Documents/GitHub/gameJam-2018/Content/Textures/T_Water_N2.uasset" 682
"../../../../../../Users/Breivogel/Documents/GitHub/gameJam-2018/Content/Materials/ParticleMaterials/M_Heat_Distortion.uasset" 683
"../../../../../../Users/Breivogel/Documents/GitHub/gameJam-2018/Content/ParticleEffects/P_Fire.uasset" 684
"../../../../../../Users/Breivogel/Documents/GitHub/gameJam-2018/Content/Blueprints/BP_Oil.uasset" 685
"../../../../../../Users/Breivogel/Documents/GitHub/gameJam-2018/Content/Meshes/ExplosiveBarrel.uasset" 686
"../../../../../../Users/Breivogel/Documents/GitHub/gameJam-2018/Content/Blueprints/ExplosiveMesh.uasset" 687
"../../../../../../Users/Breivogel/Documents/GitHub/gameJam-2018/Content/Level1-Section1_BuiltData.uasset" 688
"../../../../../../Users/Breivogel/Documents/GitHub/gameJam-2018/Content/Materials/Decal_DeepWater.uasset" 689
"../../../../../../Users/Breivogel/Documents/GitHub/gameJam-2018/Content/Materials/Decal_WaterLeaves.uasset" 690
"../../../../../../Users/Breivogel/Documents/GitHub/gameJam-2018/Content/Textures/StreetSign_4.uasset" 691
"../../../../../../Users/Breivogel/Documents/GitHub/gameJam-2018/Content/Materials/M_SS3.uasset" 692
"../../../../../../Users/Breivogel/Documents/GitHub/gameJam-2018/Content/Textures/StreetSign_6.uasset" 693
"../../../../../../Users/Breivogel/Documents/GitHub/gameJam-2018/Content/Materials/M_SS5.uasset" 694
"../../../../../../Users/Breivogel/Documents/GitHub/gameJam-2018/Content/Materials/MI_Leaves.uasset" 695
"../../../../../../Users/Breivogel/Documents/GitHub/gameJam-2018/Content/Materials/MI_LeavesLight.uasset" 696
"../../../../../../Users/Breivogel/Documents/GitHub/gameJam-2018/Content/Textures/Bus_Albedo_3.uasset" 697
"../../../../../../Users/Breivogel/Documents/GitHub/gameJam-2018/Content/Materials/MI_Vehicle1.uasset" 698
"../../../../../../Users/Breivogel/Documents/GitHub/gameJam-2018/Content/Meshes/Buildings/Bridge1_Broken.uasset" 699
"../../../../../../Users/Breivogel/Documents/GitHub/gameJam-2018/Content/Meshes/Buildings/Bridge1_Columns.uasset" 700
"../../../../../../Users/Breivogel/Documents/GitHub/gameJam-2018/Content/Meshes/Buildings/Bridge1_Top.uasset" 701
"../../../../../../Users/Breivogel/Documents/GitHub/gameJam-2018/Content/Meshes/Buildings/Buildings_Lights.uasset" 702
"../../../../../../Users/Breivogel/Documents/GitHub/gameJam-2018/Content/Meshes/Buildings/Buildings_Lights2.uasset" 703
"../../../../../../Users/Breivogel/Documents/GitHub/gameJam-2018/Content/Meshes/Buildings/Buildings_Pipes.uasset" 704
"../../../../../../Users/Breivogel/Documents/GitHub/gameJam-2018/Content/Meshes/Buildings/Buildings_Style1_1_Half.uasset" 705
"../../../../../../Users/Breivogel/Documents/GitHub/gameJam-2018/Content/Meshes/Buildings/Buildings_Style1_1_Section.uasset" 706
"../../../../../../Users/Breivogel/Documents/GitHub/gameJam-2018/Content/Meshes/Buildings/Buildings_Style1_3.uasset" 707
"../../../../../../Users/Breivogel/Documents/GitHub/gameJam-2018/Content/Meshes/Buildings/Buildings_Style1_4.uasset" 708
"../../../../../../Users/Breivogel/Documents/GitHub/gameJam-2018/Content/Meshes/Buildings/Buildings_Style1_6.uasset" 709
"../../../../../../Users/Breivogel/Documents/GitHub/gameJam-2018/Content/Meshes/Buildings/Buildings_Style1_7.uasset" 710
"../../../../../../Users/Breivogel/Documents/GitHub/gameJam-2018/Content/Meshes/Buildings/Buildings_TopBits.uasset" 711
"../../../../../../Users/Breivogel/Documents/GitHub/gameJam-2018/Content/Meshes/Buildings/RailingSection.uasset" 712
"../../../../../../Users/Breivogel/Documents/GitHub/gameJam-2018/Content/Meshes/Buildings/Sidewalk/Sidewalk_Corner_Inner_Short.uasset" 713
"../../../../../../Users/Breivogel/Documents/GitHub/gameJam-2018/Content/Meshes/Buildings/Sidewalk/Sidewalk_Corner_Outer.uasset" 714
"../../../../../../Users/Breivogel/Documents/GitHub/gameJam-2018/Content/Meshes/Buildings/Sidewalk/Sidewalk_Corner_Outer_Short.uasset" 715
"../../../../../../Users/Breivogel/Documents/GitHub/gameJam-2018/Content/Meshes/Buildings/Sidewalk/Sidewalk_Short.uasset" 716
"../../../../../../Users/Breivogel/Documents/GitHub/gameJam-2018/Content/Meshes/Buildings/Sidewalk/Sidewalk_SoftCorner.uasset" 717
"../../../../../../Users/Breivogel/Documents/GitHub/gameJam-2018/Content/Meshes/Foliage/Ivy2.uasset" 718
"../../../../../../Users/Breivogel/Documents/GitHub/gameJam-2018/Content/Meshes/Foliage/Ivy3.uasset" 719
"../../../../../../Users/Breivogel/Documents/GitHub/gameJam-2018/Content/Meshes/Foliage/Ivy4.uasset" 720
"../../../../../../Users/Breivogel/Documents/GitHub/gameJam-2018/Content/Meshes/Foliage/Roots_1.uasset" 721
"../../../../../../Users/Breivogel/Documents/GitHub/gameJam-2018/Content/Meshes/Mech_Test2.uasset" 722
"../../../../../../Users/Breivogel/Documents/GitHub/gameJam-2018/Content/Textures/Bench1_albedo.uasset" 723
"../../../../../../Users/Breivogel/Documents/GitHub/gameJam-2018/Content/Textures/Bench1_metallic.uasset" 724
"../../../../../../Users/Breivogel/Documents/GitHub/gameJam-2018/Content/Textures/Bench1_normal.uasset" 725
"../../../../../../Users/Breivogel/Documents/GitHub/gameJam-2018/Content/Textures/Bench1_roughness.uasset" 726
"../../../../../../Users/Breivogel/Documents/GitHub/gameJam-2018/Content/Materials/Mat_Bench1.uasset" 727
"../../../../../../Users/Breivogel/Documents/GitHub/gameJam-2018/Content/Meshes/Props/Bench1.uasset" 728
"../../../../../../Users/Breivogel/Documents/GitHub/gameJam-2018/Content/Meshes/Props/BrickPile_3.uasset" 729
"../../../../../../Users/Breivogel/Documents/GitHub/gameJam-2018/Content/Meshes/Props/ParkingMeter.uasset" 730
"../../../../../../Users/Breivogel/Documents/GitHub/gameJam-2018/Content/Meshes/Props/StreetSign_1.uasset" 731
"../../../../../../Users/Breivogel/Documents/GitHub/gameJam-2018/Content/Meshes/Props/StreetSign_2.uasset" 732
"../../../../../../Users/Breivogel/Documents/GitHub/gameJam-2018/Content/Meshes/Props/StreetSign_3.uasset" 733
"../../../../../../Users/Breivogel/Documents/GitHub/gameJam-2018/Content/Meshes/Props/Tank_1.uasset" 734
"../../../../../../Users/Breivogel/Documents/GitHub/gameJam-2018/Content/Meshes/Props/Tank_2.uasset" 735
"../../../../../../Users/Breivogel/Documents/GitHub/gameJam-2018/Content/Meshes/Props/Tank_3.uasset" 736
"../../../../../../Users/Breivogel/Documents/GitHub/gameJam-2018/Content/Meshes/Props/TrafficCone.uasset" 737
"../../../../../../Users/Breivogel/Documents/GitHub/gameJam-2018/Content/Textures/Trashbin_albedo.uasset" 738
"../../../../../../Users/Breivogel/Documents/GitHub/gameJam-2018/Content/Textures/Trashbin_metallic.uasset" 739
"../../../../../../Users/Breivogel/Documents/GitHub/gameJam-2018/Content/Textures/Trashbin_normal.uasset" 740
"../../../../../../Users/Breivogel/Documents/GitHub/gameJam-2018/Content/Textures/Trashbin_roughness.uasset" 741
"../../../../../../Users/Breivogel/Documents/GitHub/gameJam-2018/Content/Materials/Mat_Trashbin.uasset" 742
"../../../../../../Users/Breivogel/Documents/GitHub/gameJam-2018/Content/Meshes/Props/Trashbin.uasset" 743
"../../../../../../Users/Breivogel/Documents/GitHub/gameJam-2018/Content/Materials/M_Firefly.uasset" 744
"../../../../../../Users/Breivogel/Documents/GitHub/gameJam-2018/Content/ParticleEffects/P_Fireflies.uasset" 745
"../../../../../../Users/Breivogel/Documents/GitHub/gameJam-2018/Content/Level1-Section1.umap" 746
"../../../../../../Users/Breivogel/Documents/GitHub/gameJam-2018/Content/Level1-Section2_BuiltData.uasset" 747
"../../../../../../Users/Breivogel/Documents/GitHub/gameJam-2018/Content/Materials/Decal_DeepWater_Cover.uasset" 748
"../../../../../../Users/Breivogel/Documents/GitHub/gameJam-2018/Content/Textures/StreetSign_8.uasset" 749
"../../../../../../Users/Breivogel/Documents/GitHub/gameJam-2018/Content/Materials/M_SS7.uasset" 750
"../../../../../../Users/Breivogel/Documents/GitHub/gameJam-2018/Content/Meshes/Buildings/Bridge1.uasset" 751
"../../../../../../Users/Breivogel/Documents/GitHub/gameJam-2018/Content/Meshes/Buildings/Bridge1_Continuous.uasset" 752
"../../../../../../Users/Breivogel/Documents/GitHub/gameJam-2018/Content/Meshes/Buildings/Buildings_Style1_Roof1.uasset" 753
"../../../../../../Users/Breivogel/Documents/GitHub/gameJam-2018/Content/Meshes/Mech_Test1.uasset" 754
"../../../../../../Users/Breivogel/Documents/GitHub/gameJam-2018/Content/ParticleEffects/P_DenseFog.uasset" 755
"../../../../../../Users/Breivogel/Documents/GitHub/gameJam-2018/Content/Level1-Section2.umap" 756
"../../../../../../Users/Breivogel/Documents/GitHub/gameJam-2018/Content/Materials/M_AsphaltFade.uasset" 757
"../../../../../../Users/Breivogel/Documents/GitHub/gameJam-2018/Content/Materials/M_FadeMaterial2.uasset" 758
"../../../../../../Users/Breivogel/Documents/GitHub/gameJam-2018/Content/Blueprints/BP_Bridge.uasset" 759
"../../../../../../Users/Breivogel/Documents/GitHub/gameJam-2018/Content/Level1-Section3_BuiltData.uasset" 760
"../../../../../../Users/Breivogel/Documents/GitHub/gameJam-2018/Content/Textures/StreetSign_2.uasset" 761
"../../../../../../Users/Breivogel/Documents/GitHub/gameJam-2018/Content/Materials/M_SS1.uasset" 762
"../../../../../../Users/Breivogel/Documents/GitHub/gameJam-2018/Content/Textures/StreetSign_3.uasset" 763
"../../../../../../Users/Breivogel/Documents/GitHub/gameJam-2018/Content/Materials/M_SS2.uasset" 764
"../../../../../../Users/Breivogel/Documents/GitHub/gameJam-2018/Content/Textures/StreetSign_5.uasset" 765
"../../../../../../Users/Breivogel/Documents/GitHub/gameJam-2018/Content/Materials/M_SS4.uasset" 766
"../../../../../../Users/Breivogel/Documents/GitHub/gameJam-2018/Content/Meshes/Buildings/Sidewalk/Sidewalk_Corner_Inner.uasset" 767
"../../../../../../Users/Breivogel/Documents/GitHub/gameJam-2018/Content/Meshes/Foliage/Ivy5.uasset" 768
"../../../../../../Users/Breivogel/Documents/GitHub/gameJam-2018/Content/Meshes/Props/Statue_1.uasset" 769
"../../../../../../Users/Breivogel/Documents/GitHub/gameJam-2018/Content/Meshes/Props/Statue_1_Ivy.uasset" 770
"../../../../../../Users/Breivogel/Documents/GitHub/gameJam-2018/Content/Level1-Section3.umap" 771
"../../../Engine/Content/Maps/Entry_BuiltData.uasset" 772
"../../../Engine/Content/Maps/Entry.umap" 773
