"../../../../../Projects/UE4/GameJam2018/Content/Meshes/MechParts/Mesh_Arms/Mech_HammerArm_Skeleton.uasset" 0
"../../../../../Projects/UE4/GameJam2018/Content/Animations/Arms/Mech_HammerArm_Anim_HammerArm_HammerArmAction_001.uasset" 1
"../../../../../Projects/UE4/GameJam2018/Content/Audio/WAV_Corrosion.uasset" 2
"../../../../../Projects/UE4/GameJam2018/Content/Audio/Cue_Corrosion.uasset" 3
"../../../../../Projects/UE4/GameJam2018/Content/Audio/FootstepReverb.uasset" 4
"../../../../../Projects/UE4/GameJam2018/Content/Audio/RobotSound.uasset" 5
"../../../../../Projects/UE4/GameJam2018/Content/Audio/WAV_Laser.uasset" 6
"../../../../../Projects/UE4/GameJam2018/Content/Meshes/MechParts/Mech_Chassis/Mech_Chassis_Strong_Skeleton.uasset" 7
"../../../../../Projects/UE4/GameJam2018/Content/Animations/Mech_Chassis_StrongAnimations_ChassisRoot_Spin.uasset" 8
"../../../../../Projects/UE4/GameJam2018/Content/Animations/Mech_Chassis_StrongAnimations_ChassisRoot_SpinReversed.uasset" 9
"../../../Engine/Content/EditorBlueprintResources/StandardMacros.uasset" 10
"../../../../../Projects/UE4/GameJam2018/Content/Maps/MainMenuFade.uasset" 11
"../../../../../Projects/UE4/GameJam2018/Content/Blueprints/BP_FadeHandler.uasset" 12
"../../../../../Projects/UE4/GameJam2018/Content/Materials/M_CodeFragment.uasset" 13
"../../../Engine/Content/Functions/Engine_MaterialFunctions01/Opacity/CameraDepthFade.uasset" 14
"../../../Engine/Content/EngineMaterials/T_Default_Material_Grid_M.uasset" 15
"../../../Engine/Content/EngineMaterials/T_Default_Material_Grid_N.uasset" 16
"../../../Engine/Content/EngineMaterials/WorldGridMaterial.uasset" 17
"../../../Engine/Content/BasicShapes/Cube.uasset" 18
"../../../../../Projects/UE4/GameJam2018/Content/Audio/WAV_PointSound.uasset" 19
"../../../../../Projects/UE4/GameJam2018/Content/Blueprints/BP_CodeFragment.uasset" 20
"../../../../../Projects/UE4/GameJam2018/Content/Blueprints/BP_FragmentSpawner.uasset" 21
"../../../../../Projects/UE4/GameJam2018/Content/Meshes/Characters/Character_BugBot_Skeleton.uasset" 22
"../../../../../Projects/UE4/GameJam2018/Content/Meshes/Characters/Character_BugBot_Anim.uasset" 23
"../../../../../Projects/UE4/GameJam2018/Content/Blueprints/Enums/DamageType.uasset" 24
"../../../../../Projects/UE4/GameJam2018/Content/Blueprints/CanTakeDamage.uasset" 25
"../../../../../Projects/UE4/GameJam2018/Content/Blueprints/BPMechParts/BP_MechPart.uasset" 26
"../../../Engine/Content/EngineResources/WhiteSquareTexture.uasset" 27
"../../../../../Projects/UE4/GameJam2018/Content/Materials/WidgetOverlay.uasset" 28
"../../../../../Projects/UE4/GameJam2018/Content/Materials/WidgetOverlay_Translucent.uasset" 29
"../../../../../Projects/UE4/GameJam2018/Content/UI/PartPickup.uasset" 30
"../../../../../Projects/UE4/GameJam2018/Content/Blueprints/Enums/ArmType.uasset" 31
"../../../../../Projects/UE4/GameJam2018/Content/Blueprints/Enums/ChassisType.uasset" 32
"../../../../../Projects/UE4/GameJam2018/Content/Blueprints/Enums/LegType.uasset" 33
"../../../../../Projects/UE4/GameJam2018/Content/Blueprints/Enums/PartTypes.uasset" 34
"../../../../../Projects/UE4/GameJam2018/Content/Meshes/MechParts/Mesh_Arms/Mech_Arms_Arm1_Skeleton.uasset" 35
"../../../../../Projects/UE4/GameJam2018/Content/Meshes/MechParts/Mesh_Arms/Mech_Broken_Arm_PhysicsAsset.uasset" 36
"../../../../../Projects/UE4/GameJam2018/Content/Meshes/MechParts/Mesh_Arms/Mech_Broken_Arm.uasset" 37
"../../../../../Projects/UE4/GameJam2018/Content/Textures/T_CorrosionCannonMask.uasset" 38
"../../../../../Projects/UE4/GameJam2018/Content/Textures/T_Noise2.uasset" 39
"../../../../../Projects/UE4/GameJam2018/Content/Materials/M_CorrosionCannon.uasset" 40
"../../../../../Projects/UE4/GameJam2018/Content/Meshes/MechParts/Mesh_Arms/Mech_CorrosionCannon_PhysicsAsset.uasset" 41
"../../../../../Projects/UE4/GameJam2018/Content/Meshes/MechParts/Mesh_Arms/Mech_CorrosionCannon.uasset" 42
"../../../../../Projects/UE4/GameJam2018/Content/Meshes/MechParts/Mesh_Arms/Mech_GatlingArm2_PhysicsAsset.uasset" 43
"../../../../../Projects/UE4/GameJam2018/Content/Meshes/MechParts/Mesh_Arms/Mech_GatlingArm2_Skeleton.uasset" 44
"../../../../../Projects/UE4/GameJam2018/Content/Meshes/MechParts/Mesh_Arms/Mech_GatlingArm2.uasset" 45
"../../../Engine/Content/Functions/Engine_MaterialFunctions01/Density/ExponentialDensity.uasset" 46
"../../../Engine/Content/Functions/Engine_MaterialFunctions01/Gradient/RadialGradientExponential.uasset" 47
"../../../Engine/Content/Functions/Engine_MaterialFunctions02/Utility/MakeFloat2.uasset" 48
"../../../../../Projects/UE4/GameJam2018/Content/Textures/T_LaserArmMask.uasset" 49
"../../../../../Projects/UE4/GameJam2018/Content/Materials/M_LaserArm.uasset" 50
"../../../../../Projects/UE4/GameJam2018/Content/Textures/T_GrenadeLauncherMask.uasset" 51
"../../../../../Projects/UE4/GameJam2018/Content/Materials/MI_GrenadeArm.uasset" 52
"../../../../../Projects/UE4/GameJam2018/Content/Meshes/MechParts/Mesh_Arms/Mech_GrenadeLauncher2_PhysicsAsset.uasset" 53
"../../../../../Projects/UE4/GameJam2018/Content/Meshes/MechParts/Mesh_Arms/Mech_GrenadeLauncher2.uasset" 54
"../../../../../Projects/UE4/GameJam2018/Content/Materials/MI_JavelinArm.uasset" 55
"../../../../../Projects/UE4/GameJam2018/Content/Meshes/MechParts/Mesh_Arms/Mech_JavelinArm_PhysicsAsset.uasset" 56
"../../../../../Projects/UE4/GameJam2018/Content/Meshes/MechParts/Mesh_Arms/Mech_JavelinArm.uasset" 57
"../../../../../Projects/UE4/GameJam2018/Content/Meshes/MechParts/Mesh_Arms/Mech_LaserArm3_PhysicsAsset.uasset" 58
"../../../../../Projects/UE4/GameJam2018/Content/Meshes/MechParts/Mesh_Arms/Mech_LaserArm3.uasset" 59
"../../../../../Projects/UE4/GameJam2018/Content/Meshes/MechParts/Mesh_Arms/Mech_PlasmaCannon1_PhysicsAsset.uasset" 60
"../../../../../Projects/UE4/GameJam2018/Content/Meshes/MechParts/Mesh_Arms/Mech_PlasmaCannon1.uasset" 61
"../../../../../Projects/UE4/GameJam2018/Content/Textures/T_RocketArm.uasset" 62
"../../../../../Projects/UE4/GameJam2018/Content/Materials/MI_RocketArm.uasset" 63
"../../../../../Projects/UE4/GameJam2018/Content/Meshes/MechParts/Mesh_Arms/Mech_RocketArm_PhysicsAsset.uasset" 64
"../../../../../Projects/UE4/GameJam2018/Content/Meshes/MechParts/Mesh_Arms/Mech_RocketArm.uasset" 65
"../../../../../Projects/UE4/GameJam2018/Content/Meshes/MechParts/Mesh_Arms/Mech_SwordArm2_PhysicsAsset.uasset" 66
"../../../../../Projects/UE4/GameJam2018/Content/Meshes/MechParts/Mesh_Arms/Mech_SwordArm2.uasset" 67
"../../../../../Projects/UE4/GameJam2018/Content/Textures/T_BipedLegs1_albedo.uasset" 68
"../../../../../Projects/UE4/GameJam2018/Content/Textures/T_BipedLegs1_metallic.uasset" 69
"../../../../../Projects/UE4/GameJam2018/Content/Textures/T_BipedLegs1_normal.uasset" 70
"../../../../../Projects/UE4/GameJam2018/Content/Textures/T_BipedLegs1_roughness.uasset" 71
"../../../../../Projects/UE4/GameJam2018/Content/Materials/M_MechMaster.uasset" 72
"../../../../../Projects/UE4/GameJam2018/Content/Meshes/MechParts/Mesh_BipedLegs/Mech_Legs_Biped1_RIGTEST2_PhysicsAsset.uasset" 73
"../../../../../Projects/UE4/GameJam2018/Content/Meshes/MechParts/Mesh_BipedLegs/Mech_Legs_Biped1_RIGTEST2_Skeleton.uasset" 74
"../../../../../Projects/UE4/GameJam2018/Content/Meshes/MechParts/Mesh_BipedLegs/Mech_Legs_Biped1_RIGTEST2.uasset" 75
"../../../../../Projects/UE4/GameJam2018/Content/Textures/QuadLegs1_albedo.uasset" 76
"../../../../../Projects/UE4/GameJam2018/Content/Textures/QuadLegs1_metallic.uasset" 77
"../../../../../Projects/UE4/GameJam2018/Content/Textures/QuadLegs1_normal.uasset" 78
"../../../../../Projects/UE4/GameJam2018/Content/Textures/QuadLegs1_roughness.uasset" 79
"../../../../../Projects/UE4/GameJam2018/Content/Materials/MI_QuadLegs1.uasset" 80
"../../../../../Projects/UE4/GameJam2018/Content/Meshes/MechParts/Mesh_QuadLegs/Mech_QuadLegs1_PhysicsAsset.uasset" 81
"../../../../../Projects/UE4/GameJam2018/Content/Meshes/MechParts/Mesh_QuadLegs/Mech_QuadLegs1_Skeleton.uasset" 82
"../../../../../Projects/UE4/GameJam2018/Content/Meshes/MechParts/Mesh_QuadLegs/Mech_QuadLegs1.uasset" 83
"../../../../../Projects/UE4/GameJam2018/Content/Textures/TreadLegs1_albedo.uasset" 84
"../../../../../Projects/UE4/GameJam2018/Content/Textures/TreadLegs1_metallic.uasset" 85
"../../../../../Projects/UE4/GameJam2018/Content/Textures/TreadLegs1_normal.uasset" 86
"../../../../../Projects/UE4/GameJam2018/Content/Textures/TreadLegs1_roughness.uasset" 87
"../../../../../Projects/UE4/GameJam2018/Content/Materials/MI_TreadLegs1.uasset" 88
"../../../../../Projects/UE4/GameJam2018/Content/Textures/Treads_albedo.uasset" 89
"../../../../../Projects/UE4/GameJam2018/Content/Textures/Treads_metallic.uasset" 90
"../../../../../Projects/UE4/GameJam2018/Content/Textures/Treads_normal.uasset" 91
"../../../../../Projects/UE4/GameJam2018/Content/Textures/Treads_roughness.uasset" 92
"../../../../../Projects/UE4/GameJam2018/Content/Materials/M_treads.uasset" 93
"../../../../../Projects/UE4/GameJam2018/Content/Materials/MI_Treads.uasset" 94
"../../../../../Projects/UE4/GameJam2018/Content/Meshes/MechParts/Mesh_TreadLegs/Mech_TreadLegs1_PhysicsAsset.uasset" 95
"../../../../../Projects/UE4/GameJam2018/Content/Meshes/MechParts/Mesh_TreadLegs/Mech_TreadLegs1_Skeleton.uasset" 96
"../../../../../Projects/UE4/GameJam2018/Content/Meshes/MechParts/Mesh_TreadLegs/Mech_TreadLegs1.uasset" 97
"../../../Engine/Content/Functions/Engine_MaterialFunctions01/Gradient/RadialGradient.uasset" 98
"../../../../../Projects/UE4/GameJam2018/Content/Materials/ParticleMaterials/M_Radial_Gradient.uasset" 99
"../../../../../Projects/UE4/GameJam2018/Content/ParticleEffects/P_Sparks.uasset" 100
"../../../../../Projects/UE4/GameJam2018/Content/Blueprints/BP_MechPartPickup.uasset" 101
"../../../../../Projects/UE4/GameJam2018/Content/Textures/T_Static.uasset" 102
"../../../../../Projects/UE4/GameJam2018/Content/Textures/T_Stripes.uasset" 103
"../../../../../Projects/UE4/GameJam2018/Content/Textures/T_UplinkMask1.uasset" 104
"../../../../../Projects/UE4/GameJam2018/Content/Materials/M_TipScreen.uasset" 105
"../../../../../Projects/UE4/GameJam2018/Content/Materials/MI_BlueTip.uasset" 106
"../../../../../Projects/UE4/GameJam2018/Content/UI/PartTrade.uasset" 107
"../../../../../Projects/UE4/GameJam2018/Content/Audio/WAV_Chirp1.uasset" 108
"../../../../../Projects/UE4/GameJam2018/Content/Audio/WAV_ChitenousClicks.uasset" 109
"../../../../../Projects/UE4/GameJam2018/Content/Audio/WAV_Click1.uasset" 110
"../../../../../Projects/UE4/GameJam2018/Content/Textures/T_UplinkMask2.uasset" 111
"../../../../../Projects/UE4/GameJam2018/Content/Materials/UplinkScreen.uasset" 112
"../../../../../Projects/UE4/GameJam2018/Content/Textures/Bus_Albedo_1.uasset" 113
"../../../../../Projects/UE4/GameJam2018/Content/Textures/Bus_Normal.uasset" 114
"../../../../../Projects/UE4/GameJam2018/Content/Textures/Bus_Roughness.uasset" 115
"../../../../../Projects/UE4/GameJam2018/Content/Materials/M_Bus.uasset" 116
"../../../../../Projects/UE4/GameJam2018/Content/Textures/T_TankAlbedo.uasset" 117
"../../../../../Projects/UE4/GameJam2018/Content/Materials/MI_Vehicle2.uasset" 118
"../../../../../Projects/UE4/GameJam2018/Content/Meshes/Characters/Character_BugBot_PhysicsAsset.uasset" 119
"../../../../../Projects/UE4/GameJam2018/Content/Meshes/Characters/Character_BugBot.uasset" 120
"../../../../../Projects/UE4/GameJam2018/Content/Meshes/TipPlane.uasset" 121
"../../../../../Projects/UE4/GameJam2018/Content/Blueprints/BP_GoliathBot.uasset" 122
"../../../../../Projects/UE4/GameJam2018/Content/Audio/WAV_Click2.uasset" 123
"../../../../../Projects/UE4/GameJam2018/Content/Materials/M_TotalBlack.uasset" 124
"../../../../../Projects/UE4/GameJam2018/Content/Meshes/Props/UplinkStation.uasset" 125
"../../../../../Projects/UE4/GameJam2018/Content/UI/Uplink.uasset" 126
"../../../../../Projects/UE4/GameJam2018/Content/Blueprints/BP_UplinkStation.uasset" 127
"../../../../../Projects/UE4/GameJam2018/Content/Blueprints/BPMechParts/BPArms/BP_Arm.uasset" 128
"../../../../../Projects/UE4/GameJam2018/Content/Animations/Arms/Mech_SwordArm2_Anim.uasset" 129
"../../../../../Projects/UE4/GameJam2018/Content/Animations/Arms/Mech_SwordArm_Biped_Anim.uasset" 130
"../../../../../Projects/UE4/GameJam2018/Content/Meshes/MechParts/Mesh_Arms/Mech_SwordArm_Biped_PhysicsAsset.uasset" 131
"../../../../../Projects/UE4/GameJam2018/Content/Meshes/MechParts/Mesh_Arms/Mech_SwordArm_Biped.uasset" 132
"../../../../../Projects/UE4/GameJam2018/Content/ParticleEffects/P_Sparks_Low.uasset" 133
"../../../../../Projects/UE4/GameJam2018/Content/Blueprints/BPMechParts/BPArms/BP_BrokenArm.uasset" 134
"../../../../../Projects/UE4/GameJam2018/Content/Textures/T_Fire_SubUV.uasset" 135
"../../../../../Projects/UE4/GameJam2018/Content/Textures/T_Fire_Tiled_D.uasset" 136
"../../../../../Projects/UE4/GameJam2018/Content/Materials/ParticleMaterials/M_Fire_SubUV.uasset" 137
"../../../../../Projects/UE4/GameJam2018/Content/ParticleEffects/P_CorrosionBurn.uasset" 138
"../../../../../Projects/UE4/GameJam2018/Content/Blueprints/Projectiles/BP_CorrosionEffect.uasset" 139
"../../../../../Projects/UE4/GameJam2018/Content/Textures/T_Smoke_SubUV.uasset" 140
"../../../../../Projects/UE4/GameJam2018/Content/Textures/T_Smoke_Tiled_D.uasset" 141
"../../../../../Projects/UE4/GameJam2018/Content/Materials/ParticleMaterials/M_smoke_subUV.uasset" 142
"../../../../../Projects/UE4/GameJam2018/Content/ParticleEffects/P_Corrosion.uasset" 143
"../../../../../Projects/UE4/GameJam2018/Content/Blueprints/Projectiles/BP_Corrosion.uasset" 144
"../../../../../Projects/UE4/GameJam2018/Content/Textures/T_Explosion_SubUV.uasset" 145
"../../../../../Projects/UE4/GameJam2018/Content/Materials/ParticleMaterials/M_explosion_subUV.uasset" 146
"../../../../../Projects/UE4/GameJam2018/Content/Materials/ParticleMaterials/m_flare_01.uasset" 147
"../../../../../Projects/UE4/GameJam2018/Content/Materials/ParticleMaterials/M_radial_ramp.uasset" 148
"../../../../../Projects/UE4/GameJam2018/Content/ParticleEffects/P_CorrosionExplosion.uasset" 149
"../../../../../Projects/UE4/GameJam2018/Content/Blueprints/Projectiles/BP_CorrosiveOrb.uasset" 150
"../../../../../Projects/UE4/GameJam2018/Content/Audio/WAV_GunSound1.uasset" 151
"../../../../../Projects/UE4/GameJam2018/Content/ParticleEffects/P_CorrosionBroken.uasset" 152
"../../../../../Projects/UE4/GameJam2018/Content/Blueprints/BPMechParts/BPArms/BP_CorrosionArm.uasset" 153
"../../../../../Projects/UE4/GameJam2018/Content/Animations/Arms/Mech_GatlingArm2_Anim.uasset" 154
"../../../../../Projects/UE4/GameJam2018/Content/Audio/WAV_GatlingLoop.uasset" 155
"../../../../../Projects/UE4/GameJam2018/Content/Audio/WAV_MinigunSpin.uasset" 156
"../../../../../Projects/UE4/GameJam2018/Content/Audio/WAV_MinigunSpinDown.uasset" 157
"../../../../../Projects/UE4/GameJam2018/Content/ParticleEffects/P_FireBroken.uasset" 158
"../../../Engine/Content/Functions/Engine_MaterialFunctions01/Gradient/LinearGradient.uasset" 159
"../../../Engine/Content/Functions/Engine_MaterialFunctions01/ImageAdjustment/CheapContrast.uasset" 160
"../../../Engine/Content/Functions/Engine_MaterialFunctions02/SafeNormalize.uasset" 161
"../../../Engine/Content/Functions/Engine_MaterialFunctions02/Math/CreateThirdOrthogonalVector.uasset" 162
"../../../Engine/Content/Functions/Engine_MaterialFunctions02/Utility/BreakOutFloat3Components.uasset" 163
"../../../Engine/Content/Functions/Engine_MaterialFunctions02/Math/Transform3x3Matrix.uasset" 164
"../../../Engine/Content/Functions/Engine_MaterialFunctions02/Utility/BreakOutFloat2Components.uasset" 165
"../../../Engine/Content/Functions/Engine_MaterialFunctions02/Utility/MakeFloat3.uasset" 166
"../../../Engine/Content/Functions/Engine_MaterialFunctions02/ExampleContent/Textures/SphereRenderNormalsMap.uasset" 167
"../../../Engine/Content/Functions/Engine_MaterialFunctions02/WorldAlignedNormals_HighQuality.uasset" 168
"../../../Engine/Content/EngineMaterials/DefaultNormal_Uncompressed.uasset" 169
"../../../Engine/Content/Functions/Engine_MaterialFunctions01/Texturing/WorldAlignedNormal.uasset" 170
"../../../Engine/Content/EngineMaterials/DefaultDiffuse.uasset" 171
"../../../Engine/Content/Functions/Engine_MaterialFunctions01/Texturing/WorldAlignedTexture.uasset" 172
"../../../../../Projects/UE4/GameJam2018/Content/Textures/Asphalt_Worn_albedo.uasset" 173
"../../../../../Projects/UE4/GameJam2018/Content/Textures/Asphalt_Worn_metallic.uasset" 174
"../../../../../Projects/UE4/GameJam2018/Content/Textures/Asphalt_Worn_normal.uasset" 175
"../../../../../Projects/UE4/GameJam2018/Content/Textures/Asphalt_Worn_roughness.uasset" 176
"../../../../../Projects/UE4/GameJam2018/Content/Materials/M_Asphalt.uasset" 177
"../../../../../Projects/UE4/GameJam2018/Content/Meshes/RubbleBit.uasset" 178
"../../../../../Projects/UE4/GameJam2018/Content/ParticleEffects/P_GatlingImpact.uasset" 179
"../../../../../Projects/UE4/GameJam2018/Content/Textures/T_MuzzleFlash.uasset" 180
"../../../../../Projects/UE4/GameJam2018/Content/Materials/ParticleMaterials/M_MuzzleFlash_3.uasset" 181
"../../../../../Projects/UE4/GameJam2018/Content/Textures/T_Spark_Core.uasset" 182
"../../../../../Projects/UE4/GameJam2018/Content/Materials/ParticleMaterials/M_Spark.uasset" 183
"../../../../../Projects/UE4/GameJam2018/Content/Materials/ParticleMaterials/M_MuzzleFlash_1.uasset" 184
"../../../../../Projects/UE4/GameJam2018/Content/Materials/ParticleMaterials/M_MuzzleFlash_2.uasset" 185
"../../../../../Projects/UE4/GameJam2018/Content/Meshes/MuzzleFlashMesh.uasset" 186
"../../../../../Projects/UE4/GameJam2018/Content/ParticleEffects/P_MuzzleFlash.uasset" 187
"../../../../../Projects/UE4/GameJam2018/Content/Blueprints/BPMechParts/BPArms/BP_GatlingArm.uasset" 188
"../../../Engine/Content/BasicShapes/BasicShapeMaterial.uasset" 189
"../../../Engine/Content/EngineMaterials/DefaultMaterial.uasset" 190
"../../../Engine/Content/BasicShapes/Sphere.uasset" 191
"../../../../../Projects/UE4/GameJam2018/Content/Audio/WAV_Explosion1.uasset" 192
"../../../../../Projects/UE4/GameJam2018/Content/Textures/T_Burst_M.uasset" 193
"../../../../../Projects/UE4/GameJam2018/Content/Materials/ParticleMaterials/M_Burst.uasset" 194
"../../../../../Projects/UE4/GameJam2018/Content/ParticleEffects/P_Explosion.uasset" 195
"../../../../../Projects/UE4/GameJam2018/Content/Blueprints/Projectiles/BP_Grenade.uasset" 196
"../../../../../Projects/UE4/GameJam2018/Content/Audio/WAV_Launch.uasset" 197
"../../../../../Projects/UE4/GameJam2018/Content/Audio/WAV_Load.uasset" 198
"../../../../../Projects/UE4/GameJam2018/Content/Blueprints/BPMechParts/BPArms/BP_GrenadeLauncher.uasset" 199
"../../../../../Projects/UE4/GameJam2018/Content/ParticleEffects/P_JavelinHeld.uasset" 200
"../../../../../Projects/UE4/GameJam2018/Content/Blueprints/Projectiles/BP_JavelinEffect.uasset" 201
"../../../../../Projects/UE4/GameJam2018/Content/Audio/WAV_Javelin.uasset" 202
"../../../../../Projects/UE4/GameJam2018/Content/ParticleEffects/P_LaserExplosion.uasset" 203
"../../../Engine/Content/Functions/Engine_MaterialFunctions03/Procedurals/GeneratedBand.uasset" 204
"../../../../../Projects/UE4/GameJam2018/Content/Textures/T_lightningNoise.uasset" 205
"../../../../../Projects/UE4/GameJam2018/Content/Materials/M_lightning.uasset" 206
"../../../../../Projects/UE4/GameJam2018/Content/Materials/MI_Lightning.uasset" 207
"../../../../../Projects/UE4/GameJam2018/Content/ParticleEffects/P_LaserJavelin.uasset" 208
"../../../../../Projects/UE4/GameJam2018/Content/Blueprints/Projectiles/BP_LaserJavelin.uasset" 209
"../../../../../Projects/UE4/GameJam2018/Content/Audio/WAV_JavelinCharge.uasset" 210
"../../../../../Projects/UE4/GameJam2018/Content/Audio/WAV_JavelinFire.uasset" 211
"../../../../../Projects/UE4/GameJam2018/Content/Blueprints/BPMechParts/BPArms/BP_JavelinArm.uasset" 212
"../../../../../Projects/UE4/GameJam2018/Content/Materials/LaserColorCurve.uasset" 213
"../../../../../Projects/UE4/GameJam2018/Content/Audio/WAV_Laser1.uasset" 214
"../../../../../Projects/UE4/GameJam2018/Content/Audio/WAV_Laser2.uasset" 215
"../../../../../Projects/UE4/GameJam2018/Content/Audio/Cue_Laser.uasset" 216
"../../../../../Projects/UE4/GameJam2018/Content/Meshes/LaserMesh.uasset" 217
"../../../../../Projects/UE4/GameJam2018/Content/ParticleEffects/P_BurnoutSmoke.uasset" 218
"../../../../../Projects/UE4/GameJam2018/Content/Blueprints/BPMechParts/BPArms/BP_LaserArm.uasset" 219
"../../../../../Projects/UE4/GameJam2018/Content/Audio/WAV_PlasmaHit.uasset" 220
"../../../../../Projects/UE4/GameJam2018/Content/ParticleEffects/P_PlasmaBurn.uasset" 221
"../../../../../Projects/UE4/GameJam2018/Content/ParticleEffects/P_PlasmaExplosion.uasset" 222
"../../../../../Projects/UE4/GameJam2018/Content/Blueprints/Projectiles/BP_PlasmaOrb.uasset" 223
"../../../../../Projects/UE4/GameJam2018/Content/Audio/WAV_GunSound2.uasset" 224
"../../../../../Projects/UE4/GameJam2018/Content/ParticleEffects/P_PlasmaBroken.uasset" 225
"../../../../../Projects/UE4/GameJam2018/Content/Blueprints/BPMechParts/BPArms/BP_PlasmaArm.uasset" 226
"../../../../../Projects/UE4/GameJam2018/Content/Meshes/Rocket.uasset" 227
"../../../../../Projects/UE4/GameJam2018/Content/ParticleEffects/P_RocketTrail.uasset" 228
"../../../../../Projects/UE4/GameJam2018/Content/Blueprints/Projectiles/BP_Rocket.uasset" 229
"../../../../../Projects/UE4/GameJam2018/Content/Audio/WAV_MissileFiring.uasset" 230
"../../../../../Projects/UE4/GameJam2018/Content/Blueprints/BPMechParts/BPArms/BP_RocketArm.uasset" 231
"../../../../../Projects/UE4/GameJam2018/Content/Audio/WAV_Swish.uasset" 232
"../../../../../Projects/UE4/GameJam2018/Content/ParticleEffects/P_Sparks_Orange.uasset" 233
"../../../../../Projects/UE4/GameJam2018/Content/Blueprints/BPMechParts/BPArms/BP_SwordArm.uasset" 234
"../../../../../Projects/UE4/GameJam2018/Content/Animations/BipedLegs/Mech_Legs_Biped1_RIGTEST2_Anim.uasset" 235
"../../../../../Projects/UE4/GameJam2018/Content/Blueprints/BPMechParts/BPLegs/BP_Leg.uasset" 236
"../../../../../Projects/UE4/GameJam2018/Content/Blueprints/BPMechParts/BPLegs/BP_BipedLeg.uasset" 237
"../../../../../Projects/UE4/GameJam2018/Content/Animations/QuadLegs/Mech_QuadLegs1_Anim.uasset" 238
"../../../../../Projects/UE4/GameJam2018/Content/Blueprints/BPMechParts/BPLegs/BP_QuadLeg.uasset" 239
"../../../../../Projects/UE4/GameJam2018/Content/Blueprints/BPMechParts/BPLegs/BP_TreadLeg.uasset" 240
"../../../../../Projects/UE4/GameJam2018/Content/Blueprints/Enemies/Enemy_Blackboard.uasset" 241
"../../../../../Projects/UE4/GameJam2018/Content/Blueprints/Enemies/MeleeCheck.uasset" 242
"../../../../../Projects/UE4/GameJam2018/Content/Blueprints/Enemies/RangedCheck.uasset" 243
"../../../../../Projects/UE4/GameJam2018/Content/Blueprints/Enemies/SetRandomLocation.uasset" 244
"../../../../../Projects/UE4/GameJam2018/Content/Blueprints/Enemies/TurretCheck.uasset" 245
"../../../../../Projects/UE4/GameJam2018/Content/Blueprints/Enemies/Enemy_BehaviorTree.uasset" 246
"../../../../../Projects/UE4/GameJam2018/Content/Blueprints/Enemies/Enemy_Controller.uasset" 247
"../../../../../Projects/UE4/GameJam2018/Content/Blueprints/Enemies/EnemyWeapons/BP_EnemyArm.uasset" 248
"../../../../../Projects/UE4/GameJam2018/Content/UI/EnemyHealthBar.uasset" 249
"../../../../../Projects/UE4/GameJam2018/Content/Textures/Chassis1_albedo.uasset" 250
"../../../../../Projects/UE4/GameJam2018/Content/Textures/Chassis1_metallic.uasset" 251
"../../../../../Projects/UE4/GameJam2018/Content/Textures/Chassis1_normal.uasset" 252
"../../../../../Projects/UE4/GameJam2018/Content/Textures/Chassis1_roughness.uasset" 253
"../../../../../Projects/UE4/GameJam2018/Content/Materials/MI_Chassis1.uasset" 254
"../../../../../Projects/UE4/GameJam2018/Content/Meshes/MechParts/Mech_Chassis/Mech_Chassis_Strong_PhysicsAsset.uasset" 255
"../../../../../Projects/UE4/GameJam2018/Content/Meshes/MechParts/Mech_Chassis/Mech_Chassis_Strong.uasset" 256
"../../../../../Projects/UE4/GameJam2018/Content/Textures/T_Question.uasset" 257
"../../../../../Projects/UE4/GameJam2018/Content/Textures/T_X.uasset" 258
"../../../../../Projects/UE4/GameJam2018/Content/Materials/ScreenMat.uasset" 259
"../../../../../Projects/UE4/GameJam2018/Content/Meshes/MechParts/Mech_Head/Mech_Head1_PhysicsAsset.uasset" 260
"../../../../../Projects/UE4/GameJam2018/Content/Meshes/MechParts/Mech_Head/Mech_Head1_Skeleton.uasset" 261
"../../../../../Projects/UE4/GameJam2018/Content/Meshes/MechParts/Mech_Head/Mech_Head1.uasset" 262
"../../../../../Projects/UE4/GameJam2018/Content/Blueprints/Enemies/BP_EnemyPawn.uasset" 263
"../../../../../Projects/UE4/GameJam2018/Content/Blueprints/Enemies/EnemyWeapons/BP_EnemyGatlingArm.uasset" 264
"../../../../../Projects/UE4/GameJam2018/Content/Audio/Cue_EnemyLaser.uasset" 265
"../../../../../Projects/UE4/GameJam2018/Content/Blueprints/Enemies/EnemyWeapons/BP_EnemyLaserArm.uasset" 266
"../../../../../Projects/UE4/GameJam2018/Content/Blueprints/Enemies/EnemyWeapons/BP_EnemyPlasmaArm.uasset" 267
"../../../../../Projects/UE4/GameJam2018/Content/Blueprints/Enemies/EnemyWeapons/BP_EnemyRocketArm.uasset" 268
"../../../../../Projects/UE4/GameJam2018/Content/Blueprints/Enemies/MeleeEnemy/Melee_Blackboard.uasset" 269
"../../../../../Projects/UE4/GameJam2018/Content/Blueprints/Enemies/MeleeEnemy/Melee_BehaviorTree.uasset" 270
"../../../../../Projects/UE4/GameJam2018/Content/Blueprints/Enemies/MeleeEnemy/Melee_Controller.uasset" 271
"../../../../../Projects/UE4/GameJam2018/Content/Blueprints/Enemies/MeleeEnemy/Melee.uasset" 272
"../../../../../Projects/UE4/GameJam2018/Content/Blueprints/Enemies/EnemyWeapons/BP_EnemySwordArm.uasset" 273
"../../../../../Projects/UE4/GameJam2018/Content/Audio/WAV_Alert1.uasset" 274
"../../../../../Projects/UE4/GameJam2018/Content/Audio/WAV_Alert2.uasset" 275
"../../../../../Projects/UE4/GameJam2018/Content/Audio/WAV_Alert4.uasset" 276
"../../../../../Projects/UE4/GameJam2018/Content/Audio/Cue_Alert.uasset" 277
"../../../../../Projects/UE4/GameJam2018/Content/Audio/WAV_BipedFootsteps.uasset" 278
"../../../../../Projects/UE4/GameJam2018/Content/Audio/WAV_Explosion1_Reverb.uasset" 279
"../../../../../Projects/UE4/GameJam2018/Content/Meshes/MechParts/Mech_Chassis/Mech_TurretChassis_PhysicsAsset.uasset" 280
"../../../../../Projects/UE4/GameJam2018/Content/Meshes/MechParts/Mech_Chassis/Mech_TurretChassis_Skeleton.uasset" 281
"../../../../../Projects/UE4/GameJam2018/Content/Meshes/MechParts/Mech_Chassis/Mech_TurretChassis.uasset" 282
"../../../../../Projects/UE4/GameJam2018/Content/Meshes/MechParts/Mech_TurretBase_PhysicsAsset.uasset" 283
"../../../../../Projects/UE4/GameJam2018/Content/Meshes/MechParts/Mech_TurretBase_Skeleton.uasset" 284
"../../../../../Projects/UE4/GameJam2018/Content/Meshes/MechParts/Mech_TurretBase.uasset" 285
"../../../../../Projects/UE4/GameJam2018/Content/Blueprints/Enemies/Enemy.uasset" 286
"../../../../../Projects/UE4/GameJam2018/Content/Blueprints/AbberationCurve.uasset" 287
"../../../../../Projects/UE4/GameJam2018/Content/Materials/MI_YouScreen.uasset" 288
"../../../../../Projects/UE4/GameJam2018/Content/Materials/PartHealthCurve.uasset" 289
"../../../../../Projects/UE4/GameJam2018/Content/UI/T_HUDBipedLegs.uasset" 290
"../../../../../Projects/UE4/GameJam2018/Content/UI/T_HUDBox1.uasset" 291
"../../../../../Projects/UE4/GameJam2018/Content/UI/T_HUDChassis1.uasset" 292
"../../../../../Projects/UE4/GameJam2018/Content/UI/T_HUDCross.uasset" 293
"../../../../../Projects/UE4/GameJam2018/Content/UI/T_HUDPlasmaArm.uasset" 294
"../../../../../Projects/UE4/GameJam2018/Content/UI/T_HUDQuadLegs.uasset" 295
"../../../../../Projects/UE4/GameJam2018/Content/UI/T_HUDTreadLegs.uasset" 296
"../../../../../Projects/UE4/GameJam2018/Content/UI/PartHealth.uasset" 297
"../../../../../Projects/UE4/GameJam2018/Content/Audio/WAV_Dash.uasset" 298
"../../../../../Projects/UE4/GameJam2018/Content/Audio/WAV_PickUp.uasset" 299
"../../../../../Projects/UE4/GameJam2018/Content/ParticleEffects/P_Dash.uasset" 300
"../../../../../Projects/UE4/GameJam2018/Content/Textures/T_Crosshairs.uasset" 301
"../../../../../Projects/UE4/GameJam2018/Content/UI/Cursor.uasset" 302
"../../../../../Projects/UE4/GameJam2018/Content/UI/ORATORSTD.uasset" 303
"../../../../../Projects/UE4/GameJam2018/Content/UI/ORATORSTD_Font.uasset" 304
"../../../../../Projects/UE4/GameJam2018/Content/UI/T_HUDBox2.uasset" 305
"../../../../../Projects/UE4/GameJam2018/Content/UI/PauseMenu.uasset" 306
"../../../../../Projects/UE4/GameJam2018/Content/Blueprints/PlayerCharacter_Final.uasset" 307
"../../../../../Projects/UE4/GameJam2018/Content/Textures/Building_Style1_albedo.uasset" 308
"../../../../../Projects/UE4/GameJam2018/Content/Textures/Building_Style1_metallic.uasset" 309
"../../../../../Projects/UE4/GameJam2018/Content/Textures/Building_Style1_normal.uasset" 310
"../../../../../Projects/UE4/GameJam2018/Content/Textures/Building_Style1_roughness.uasset" 311
"../../../../../Projects/UE4/GameJam2018/Content/Materials/M_BuildingMaster.uasset" 312
"../../../Engine/Content/Functions/Engine_MaterialFunctions02/Texturing/ScreenAlignedPixelToPixelUVs.uasset" 313
"../../../Engine/Content/EngineMaterials/Good64x64TilingNoiseHighFreq.uasset" 314
"../../../Engine/Content/Functions/Engine_MaterialFunctions02/Utility/DitherTemporalAA.uasset" 315
"../../../../../Projects/UE4/GameJam2018/Content/Materials/M_FadeMaterial.uasset" 316
"../../../../../Projects/UE4/GameJam2018/Content/Meshes/Buildings/Buildings_Style1_1.uasset" 317
"../../../../../Projects/UE4/GameJam2018/Content/Blueprints/FadeMesh.uasset" 318
"../../../../../Projects/UE4/GameJam2018/Content/Blueprints/FadeTop.uasset" 319
"../../../../../Projects/UE4/GameJam2018/Content/Blueprints/MenuMode.uasset" 320
"../../../../../Projects/UE4/GameJam2018/Content/Blueprints/Projectile.uasset" 321
"../../../../../Projects/UE4/GameJam2018/Content/Blueprints/BPMechParts/BPLegs/WAV_Swish.uasset" 322
"../../../../../Projects/UE4/GameJam2018/Content/Blueprints/Enemies/TurretEnemy/Turret_Blackboard.uasset" 323
"../../../../../Projects/UE4/GameJam2018/Content/Blueprints/Enemies/TurretEnemy/Turret_BehaviorTree.uasset" 324
"../../../../../Projects/UE4/GameJam2018/Content/Blueprints/Enemies/TurretEnemy/Turret_Controller.uasset" 325
"../../../../../Projects/UE4/GameJam2018/Content/Blueprints/Enemies/TurretEnemy/Turret.uasset" 326
"../../../../../Projects/UE4/GameJam2018/Content/Blueprints/NPCs/Broken_Blackboard.uasset" 327
"../../../../../Projects/UE4/GameJam2018/Content/Blueprints/NPCs/Wander.uasset" 328
"../../../../../Projects/UE4/GameJam2018/Content/Blueprints/NPCs/Broken_Behavior.uasset" 329
"../../../../../Projects/UE4/GameJam2018/Content/Blueprints/NPCs/Broken_Controller.uasset" 330
"../../../../../Projects/UE4/GameJam2018/Content/Blueprints/NPCs/Broken_Robot.uasset" 331
"../../../../../Projects/UE4/GameJam2018/Content/Materials/MI_EnemyScreen.uasset" 332
"../../../../../Projects/UE4/GameJam2018/Content/Textures/Gate_Left_albedo.uasset" 333
"../../../../../Projects/UE4/GameJam2018/Content/Textures/Gate_metallic.uasset" 334
"../../../../../Projects/UE4/GameJam2018/Content/Textures/Gate_normal.uasset" 335
"../../../../../Projects/UE4/GameJam2018/Content/Textures/Gate_roughness.uasset" 336
"../../../../../Projects/UE4/GameJam2018/Content/Materials/M_GateMaster.uasset" 337
"../../../../../Projects/UE4/GameJam2018/Content/Textures/Gate_albedo.uasset" 338
"../../../../../Projects/UE4/GameJam2018/Content/Materials/MI_GatePost.uasset" 339
"../../../../../Projects/UE4/GameJam2018/Content/Materials/M_Glow.uasset" 340
"../../../../../Projects/UE4/GameJam2018/Content/Textures/Snow_Albedo.uasset" 341
"../../../../../Projects/UE4/GameJam2018/Content/Textures/Snow_Normal.uasset" 342
"../../../../../Projects/UE4/GameJam2018/Content/Materials/M_GroundSnow.uasset" 343
"../../../../../Projects/UE4/GameJam2018/Content/Materials/M_OverdrawFont.uasset" 344
"../../../../../Projects/UE4/GameJam2018/Content/Textures/StreetSign_1.uasset" 345
"../../../../../Projects/UE4/GameJam2018/Content/Textures/StreetSign_metallic.uasset" 346
"../../../../../Projects/UE4/GameJam2018/Content/Textures/StreetSign_normal.uasset" 347
"../../../../../Projects/UE4/GameJam2018/Content/Textures/StreetSign_roughness.uasset" 348
"../../../../../Projects/UE4/GameJam2018/Content/Materials/M_StreetSignMaster.uasset" 349
"../../../../../Projects/UE4/GameJam2018/Content/Textures/StreetSign_7.uasset" 350
"../../../../../Projects/UE4/GameJam2018/Content/Materials/M_SS6.uasset" 351
"../../../../../Projects/UE4/GameJam2018/Content/Textures/T_RubbleParticle.uasset" 352
"../../../../../Projects/UE4/GameJam2018/Content/Materials/ParticleMaterials/M_RubbleParticle.uasset" 353
"../../../../../Projects/UE4/GameJam2018/Content/Materials/WorldCoords-XY.uasset" 354
"../../../../../Projects/UE4/GameJam2018/Content/Textures/T_FieldGrass_01_D.uasset" 355
"../../../../../Projects/UE4/GameJam2018/Content/Textures/T_FieldGrass_02_M.uasset" 356
"../../../../../Projects/UE4/GameJam2018/Content/Textures/T_Water_N.uasset" 357
"../../../../../Projects/UE4/GameJam2018/Content/Materials/Grass/M_FieldGrass_01.uasset" 358
"../../../../../Projects/UE4/GameJam2018/Content/Meshes/GrassTest.uasset" 359
"../../../../../Projects/UE4/GameJam2018/Content/Meshes/GrenadeMesh.uasset" 360
"../../../../../Projects/UE4/GameJam2018/Content/Materials/Grass/M_FieldGrass_Inst_01.uasset" 361
"../../../../../Projects/UE4/GameJam2018/Content/Materials/Grass/M_FieldGrass_Inst_01_LOD1.uasset" 362
"../../../../../Projects/UE4/GameJam2018/Content/Materials/Grass/M_FieldGrass_Inst_01_LOD2.uasset" 363
"../../../../../Projects/UE4/GameJam2018/Content/Meshes/SM_FieldGrass_01.uasset" 364
"../../../../../Projects/UE4/GameJam2018/Content/Meshes/Buildings/Buildings_Style1_TunnelTop.uasset" 365
"../../../../../Projects/UE4/GameJam2018/Content/Meshes/Characters/Crab/Boss_Crab_Legs_Skeleton.uasset" 366
"../../../../../Projects/UE4/GameJam2018/Content/Meshes/Characters/Crab/Boss_Crab_Legs_Anim_CrabSkeleton_CrabWalk.uasset" 367
"../../../../../Projects/UE4/GameJam2018/Content/Meshes/Characters/Crab/Boss_Crab_Legs_Anim_CrabSkeleton_CrabWalk_Reversed.uasset" 368
"../../../../../Projects/UE4/GameJam2018/Content/Meshes/Characters/Crab/walkBlend_Reversed.uasset" 369
"../../../../../Projects/UE4/GameJam2018/Content/Meshes/MechParts/Mech_Chassis/Mech_Chassis1_PhysicsAsset.uasset" 370
"../../../../../Projects/UE4/GameJam2018/Content/Meshes/MechParts/Mech_Chassis/Mech_Chassis1_Skeleton.uasset" 371
"../../../../../Projects/UE4/GameJam2018/Content/Meshes/MechParts/Mech_Chassis/Mech_Chassis1.uasset" 372
"../../../../../Projects/UE4/GameJam2018/Content/Meshes/MechParts/Mesh_Arms/Mech_Arms_Arm1_PhysicsAsset.uasset" 373
"../../../../../Projects/UE4/GameJam2018/Content/Meshes/MechParts/Mesh_Arms/Mech_Arms_Arm1.uasset" 374
"../../../../../Projects/UE4/GameJam2018/Content/Meshes/MechParts/Mesh_Arms/Mech_GatlingArm1_PhysicsAsset.uasset" 375
"../../../../../Projects/UE4/GameJam2018/Content/Meshes/MechParts/Mesh_Arms/Mech_GatlingArm1.uasset" 376
"../../../../../Projects/UE4/GameJam2018/Content/Meshes/MechParts/Mesh_Arms/Mech_GrenadeLauncher_PhysicsAsset.uasset" 377
"../../../../../Projects/UE4/GameJam2018/Content/Meshes/MechParts/Mesh_Arms/Mech_GrenadeLauncher.uasset" 378
"../../../../../Projects/UE4/GameJam2018/Content/Meshes/MechParts/Mesh_Arms/Mech_HammerArm_PhysicsAsset.uasset" 379
"../../../../../Projects/UE4/GameJam2018/Content/Meshes/MechParts/Mesh_Arms/Mech_HammerArm.uasset" 380
"../../../../../Projects/UE4/GameJam2018/Content/Meshes/MechParts/Mesh_Arms/Mech_SwordArm_PhysicsAsset.uasset" 381
"../../../../../Projects/UE4/GameJam2018/Content/Meshes/MechParts/Mesh_Arms/Mech_SwordArm.uasset" 382
"../../../../../Projects/UE4/GameJam2018/Content/Meshes/Props/HealingStation.uasset" 383
"../../../../../Projects/UE4/GameJam2018/Content/Textures/T_Dust_Particle_D.uasset" 384
"../../../../../Projects/UE4/GameJam2018/Content/Materials/ParticleMaterials/M_Dust_Particle.uasset" 385
"../../../../../Projects/UE4/GameJam2018/Content/ParticleEffects/P_Ambient_Dust.uasset" 386
"../../../../../Projects/UE4/GameJam2018/Content/ParticleEffects/P_Smoke.uasset" 387
"../../../../../Projects/UE4/GameJam2018/Content/ParticleEffects/P_Steam_Lit.uasset" 388
"../../../Engine/Content/EngineMaterials/OrientParticle.uasset" 389
"../../../Engine/Content/EngineMaterials/DefaultParticle.uasset" 390
"../../../../../Projects/UE4/GameJam2018/Content/ParticleEffects/RocketExplosion.uasset" 391
"../../../../../Projects/UE4/GameJam2018/Content/Splash/EdSplash.uasset" 392
"../../../../../Projects/UE4/GameJam2018/Content/Splash/Splash.uasset" 393
"../../../../../Projects/UE4/GameJam2018/Content/Textures/Asphalt_Cracked_normal.uasset" 394
"../../../../../Projects/UE4/GameJam2018/Content/Textures/Snow_Displacement.uasset" 395
"../../../../../Projects/UE4/GameJam2018/Content/Textures/T_CrackMask.uasset" 396
"../../../../../Projects/UE4/GameJam2018/Content/Textures/T_GroundCover_Normal.uasset" 397
"../../../../../Projects/UE4/GameJam2018/Content/Textures/T_MuzzleFlash_1.uasset" 398
"../../../../../Projects/UE4/GameJam2018/Content/Textures/T_MuzzleFlash_2.uasset" 399
"../../../../../Projects/UE4/GameJam2018/Content/Textures/T_MuzzleFlash_3.uasset" 400
"../../../../../Projects/UE4/GameJam2018/Content/Textures/T_Noise.uasset" 401
"../../../Engine/Content/EditorMaterials/Anchor.uasset" 402
"../../../../../Projects/UE4/GameJam2018/Content/UI/mouseWidget.uasset" 403
"../../../Engine/Content/ArtTools/RenderToTexture/Meshes/S_1_Unit_Plane.uasset" 404
"../../../Engine/Content/BasicShapes/Cone.uasset" 405
"../../../Engine/Content/BasicShapes/Cylinder.uasset" 406
"../../../Engine/Content/EditorLandscapeResources/DataLayer.uasset" 407
"../../../Engine/Content/EditorMaterials/GizmoMaterial.uasset" 408
"../../../Engine/Content/EditorMaterials/MAT_Groups_Toggle.uasset" 409
"../../../Engine/Content/EditorMaterials/MAT_Groups_Visibility.uasset" 410
"../../../Engine/Content/EditorMaterials/PreviewShadowIndicator.uasset" 411
"../../../Engine/Content/EditorMaterials/PreviewShadowIndicatorMaterial.uasset" 412
"../../../Engine/Content/EditorMaterials/MatineeGroups/MAT_ColorTrack.uasset" 413
"../../../Engine/Content/EditorMaterials/MatineeGroups/MAT_Groups_Anim.uasset" 414
"../../../Engine/Content/EditorMaterials/MatineeGroups/MAT_Groups_AudioMaster.uasset" 415
"../../../Engine/Content/EditorMaterials/MatineeGroups/MAT_Groups_Director.uasset" 416
"../../../Engine/Content/EditorMaterials/MatineeGroups/MAT_Groups_Event.uasset" 417
"../../../Engine/Content/EditorMaterials/MatineeGroups/MAT_Groups_Fade.uasset" 418
"../../../Engine/Content/EditorMaterials/MatineeGroups/MAT_Groups_Float.uasset" 419
"../../../Engine/Content/EditorMaterials/MatineeGroups/MAT_Groups_Move.uasset" 420
"../../../Engine/Content/EditorMaterials/MatineeGroups/MAT_Groups_Slomo.uasset" 421
"../../../Engine/Content/EditorMaterials/MatineeGroups/MAT_Groups_Sound.uasset" 422
"../../../Engine/Content/EditorMaterials/MatineeGroups/MAT_Groups_Vector.uasset" 423
"../../../Engine/Content/EditorMaterials/ParticleSystems/PSysThumbnail_NoImage.uasset" 424
"../../../Engine/Content/EditorMaterials/ParticleSystems/PSysThumbnail_OOD.uasset" 425
"../../../Engine/Content/EditorMaterials/Camera/CineMat.uasset" 426
"../../../Engine/Content/EditorMaterials/Camera/MI_CineMat_Rig.uasset" 427
"../../../Engine/Content/EditorMeshes/Camera/SM_CraneRig_Arm.uasset" 428
"../../../Engine/Content/EditorMeshes/Camera/SM_CraneRig_Base.uasset" 429
"../../../Engine/Content/EditorMeshes/Camera/SM_CraneRig_Body.uasset" 430
"../../../Engine/Content/EditorMeshes/Camera/SM_CraneRig_Mount.uasset" 431
"../../../Engine/Content/EditorMeshes/Camera/SM_RailRig_Mount.uasset" 432
"../../../Engine/Content/EditorMeshes/Camera/SM_RailRig_Track.uasset" 433
"../../../Engine/Content/EditorResources/BSPVertex.uasset" 434
"../../../Engine/Content/EditorResources/EmptyActor.uasset" 435
"../../../Engine/Content/EditorResources/S_Actor.uasset" 436
"../../../Engine/Content/EditorResources/S_Trigger.uasset" 437
"../../../Engine/Content/EditorResources/AudioIcons/S_AudioComponent.uasset" 438
"../../../Engine/Content/EditorResources/AudioIcons/S_AudioComponent_AutoActivate.uasset" 439
"../../../Engine/Content/EditorResources/LightIcons/S_LightError.uasset" 440
"../../../Engine/Content/EditorResources/SequenceRecorder/Countdown.uasset" 441
"../../../Engine/Content/EditorResources/SequenceRecorder/RecordingIndicator.uasset" 442
"../../../Engine/Content/EditorSounds/Notifications/CompileFailed.uasset" 443
"../../../Engine/Content/EditorSounds/Notifications/CompileFailed_Cue.uasset" 444
"../../../Engine/Content/EditorSounds/Notifications/CompileSuccess.uasset" 445
"../../../Engine/Content/EditorSounds/Notifications/CompileStart_Cue.uasset" 446
"../../../Engine/Content/EditorSounds/Notifications/CompileSuccess_Cue.uasset" 447
"../../../Engine/Content/EngineDamageTypes/DmgTypeBP_Environmental.uasset" 448
"../../../Engine/Content/EngineDebugMaterials/HeatmapGradient.uasset" 449
"../../../Engine/Content/EngineDebugMaterials/BoneWeightMaterial.uasset" 450
"../../../Engine/Content/EngineDebugMaterials/ClothMaterial.uasset" 451
"../../../Engine/Content/EngineDebugMaterials/ClothMaterial_WF.uasset" 452
"../../../Engine/Content/EngineDebugMaterials/DebugEditorMaterial.uasset" 453
"../../../Engine/Content/EngineDebugMaterials/DebugMeshMaterial.uasset" 454
"../../../Engine/Content/EngineDebugMaterials/GeomMaterial.uasset" 455
"../../../Engine/Content/EngineDebugMaterials/M_SimpleTranslucent.uasset" 456
"../../../Engine/Content/EngineFonts/Faces/RobotoBold.uasset" 457
"../../../Engine/Content/EngineFonts/Faces/RobotoBoldItalic.uasset" 458
"../../../Engine/Content/EngineFonts/Faces/RobotoItalic.uasset" 459
"../../../Engine/Content/EngineFonts/Faces/RobotoLight.uasset" 460
"../../../Engine/Content/EngineFonts/Faces/RobotoRegular.uasset" 461
"../../../Engine/Content/EngineFonts/Roboto.uasset" 462
"../../../Engine/Content/EngineFonts/Faces/RobotoTiny.uasset" 463
"../../../Engine/Content/EngineFonts/RobotoTiny.uasset" 464
"../../../Engine/Content/EngineMaterials/BaseFlattenDiffuseMap.uasset" 465
"../../../Engine/Content/EngineMaterials/BaseFlattenEmissiveMap.uasset" 466
"../../../Engine/Content/EngineMaterials/BaseFlattenGrayscaleMap.uasset" 467
"../../../Engine/Content/EngineMaterials/BaseFlattenNormalMap.uasset" 468
"../../../Engine/Content/EngineMaterials/BaseFlattenMaterial.uasset" 469
"../../../Engine/Content/EngineMaterials/DefaultBloomKernel.uasset" 470
"../../../Engine/Content/EngineMaterials/DefaultBokeh.uasset" 471
"../../../Engine/Content/EngineMaterials/DefaultDeferredDecalMaterial.uasset" 472
"../../../Engine/Content/EngineMaterials/DefaultLightFunctionMaterial.uasset" 473
"../../../Engine/Content/EngineMaterials/DefaultPhysicalMaterial.uasset" 474
"../../../Engine/Content/EngineMaterials/DefaultPostProcessMaterial.uasset" 475
"../../../Engine/Content/EngineFonts/RobotoDistanceField.uasset" 476
"../../../Engine/Content/EngineMaterials/DefaultTextMaterialOpaque.uasset" 477
"../../../Engine/Content/EngineMaterials/DefaultWhiteGrid.uasset" 478
"../../../Engine/Content/EngineMaterials/EditorBrushMaterial.uasset" 479
"../../../Engine/Content/EngineMaterials/MiniFont.uasset" 480
"../../../Engine/Content/EngineMaterials/InvalidLightmapSettings.uasset" 481
"../../../Engine/Content/EngineMaterials/M_InvalidLightmapSettings.uasset" 482
"../../../Engine/Content/Functions/Engine_MaterialFunctions02/WorldPositionOffset/CameraOffset.uasset" 483
"../../../Engine/Content/EngineMaterials/PhAT_JointLimitMaterial.uasset" 484
"../../../Engine/Content/EngineMaterials/PreintegratedSkinBRDF.uasset" 485
"../../../Engine/Content/EngineMaterials/RemoveSurfaceMaterial.uasset" 486
"../../../Engine/Content/EngineMaterials/WeightMapPlaceholderTexture.uasset" 487
"../../../Engine/Content/EngineMaterials/Widget3DPassThrough.uasset" 488
"../../../Engine/Content/EngineMaterials/Widget3DPassThrough_Masked.uasset" 489
"../../../Engine/Content/EngineMaterials/Widget3DPassThrough_Opaque.uasset" 490
"../../../Engine/Content/EngineMaterials/Widget3DPassThrough_Masked_OneSided.uasset" 491
"../../../Engine/Content/EngineMaterials/Widget3DPassThrough_Opaque_OneSided.uasset" 492
"../../../Engine/Content/EngineMaterials/Widget3DPassThrough_Translucent.uasset" 493
"../../../Engine/Content/EngineMaterials/Widget3DPassThrough_Translucent_OneSided.uasset" 494
"../../../Engine/Content/EngineMeshes/Cylinder.uasset" 495
"../../../Engine/Content/EngineMeshes/Sphere.uasset" 496
"../../../Engine/Content/EngineResources/Black.uasset" 497
"../../../Engine/Content/EngineResources/DefaultTexture.uasset" 498
"../../../Engine/Content/EngineResources/DefaultTextureCube.uasset" 499
"../../../Engine/Content/EngineResources/DefaultVolumeTexture2D.uasset" 500
"../../../Engine/Content/EngineResources/DefaultVolumeTexture.uasset" 501
"../../../Engine/Content/EngineResources/GradientTexture0.uasset" 502
"../../../Engine/Content/EngineSounds/Master.uasset" 503
"../../../Engine/Content/Functions/Engine_MaterialFunctions01/Shading/ConvertFromDiffSpec.uasset" 504
"../../../Engine/Content/Functions/Engine_MaterialFunctions01/Shading/PowerToRoughness.uasset" 505
"../../../Engine/Content/Maps/Templates/Thumbnails/Default.uasset" 506
"../../../Engine/Content/Maps/Templates/Thumbnails/VR-Basic.uasset" 507
"../../../Engine/Content/MobileResources/T_MobileControls_texture.uasset" 508
"../../../Engine/Content/MobileResources/T_MobileMenu2.uasset" 509
"../../../Engine/Content/MobileResources/HUD/AnalogHat.uasset" 510
"../../../Engine/Content/MobileResources/HUD/VirtualJoystick_Background.uasset" 511
"../../../Engine/Content/MobileResources/HUD/VirtualJoystick_Thumb.uasset" 512
"../../../Engine/Content/MobileResources/HUD/DefaultVirtualJoysticks.uasset" 513
"../../../Engine/Content/MobileResources/HUD/LeftVirtualJoystickOnly.uasset" 514
"../../../Engine/Content/MobileResources/HUD/MobileHUDButton1_off.uasset" 515
"../../../Engine/Content/MobileResources/HUD/MobileHUDButton1_on.uasset" 516
"../../../Engine/Content/MobileResources/HUD/MobileHUDButton2_off.uasset" 517
"../../../Engine/Content/MobileResources/HUD/MobileHUDButton2_on.uasset" 518
"../../../Engine/Content/MobileResources/HUD/MobileHUDButton3.uasset" 519
"../../../Engine/Content/MobileResources/HUD/MobileHUDButtonFire.uasset" 520
"../../../Engine/Content/MobileResources/HUD/MobileHUDDirectionPad.uasset" 521
"../../../Engine/Content/MobileResources/HUD/MobileHUDDirectionPad2.uasset" 522
"../../../Engine/Content/MobileResources/HUD/MobileHUDDirectionPad3.uasset" 523
"../../../Engine/Content/MobileResources/HUD/MobileHUDDirectionStick.uasset" 524
"../../../Engine/Content/MobileResources/HUD/T_Castle_ThumbstickInner.uasset" 525
"../../../Engine/Content/MobileResources/HUD/T_Castle_ThumbstickOutter.uasset" 526
"../../../Engine/Content/Tutorial/ContentIntroCurve.uasset" 527
"../../../Engine/Content/Tutorial/Basics/TutorialAssets/icon_tab_Levels_40x.uasset" 528
"../../../Engine/Content/Tutorial/BlueprintTutorials/TutorialAssets/Blueprint_64x.uasset" 529
"../../../Engine/Content/Tutorial/Mobile/TutorialAssets/IOS.uasset" 530
"../../../Engine/Content/Tutorial/SubEditors/TutorialAssets/TutorialMaterial.uasset" 531
"../../../Engine/Content/VREditor/LaserPointer/VR_LaserPower_01.uasset" 532
"../../../Engine/Content/VREditor/TransformGizmo/TransformGizmoMaterial.uasset" 533
"../../../Engine/Content/VREditor/TransformGizmo/TranslucentTransformGizmoMaterial.uasset" 534
"../../../Engine/Content/VREditor/TransformGizmo/BoundingBoxCorner.uasset" 535
"../../../Engine/Content/VREditor/TransformGizmo/BoundingBoxEdge.uasset" 536
"../../../Engine/Content/VREditor/TransformGizmo/PlaneTranslationHandle.uasset" 537
"../../../Engine/Content/VREditor/TransformGizmo/Main.uasset" 538
"../../../Engine/Content/VREditor/TransformGizmo/Xray.uasset" 539
"../../../Engine/Content/VREditor/TransformGizmo/SM_Sequencer_Key.uasset" 540
"../../../Engine/Content/VREditor/TransformGizmo/SM_Sequencer_Node.uasset" 541
"../../Plugins/2D/Paper2D/Content/PlaceholderTextures/DummySpriteTexture.uasset" 542
"../../Plugins/2D/Paper2D/Content/DummySprite.uasset" 543
"../../Plugins/2D/Paper2D/Content/DefaultPaperTerrainMaterial.uasset" 544
"../../Plugins/2D/Paper2D/Content/DefaultSpriteMaterial.uasset" 545
"../../Plugins/2D/Paper2D/Content/MaskedUnlitSpriteMaterial.uasset" 546
"../../Plugins/2D/Paper2D/Content/OpaqueUnlitSpriteMaterial.uasset" 547
"../../Plugins/Runtime/Oculus/OculusVR/Content/Materials/PokeAHoleMaterial.uasset" 548
"../../Plugins/Runtime/Oculus/OculusVR/Content/Textures/GearVRController_AO.uasset" 549
"../../Plugins/Runtime/Oculus/OculusVR/Content/Textures/GearVRController_Color.uasset" 550
"../../Plugins/Runtime/Oculus/OculusVR/Content/Textures/GearVRController_Normal.uasset" 551
"../../Plugins/Runtime/Oculus/OculusVR/Content/Materials/GearVRControllerMaterial.uasset" 552
"../../Plugins/Runtime/Oculus/OculusVR/Content/Meshes/GearVrController.uasset" 553
"../../Plugins/Runtime/Oculus/OculusVR/Content/Textures/touchController_albedo.uasset" 554
"../../Plugins/Runtime/Oculus/OculusVR/Content/Textures/touchController_controlmap.uasset" 555
"../../Plugins/Runtime/Oculus/OculusVR/Content/Materials/touchController_mat.uasset" 556
"../../Plugins/Runtime/Oculus/OculusVR/Content/Meshes/LeftTouchController.uasset" 557
"../../Plugins/Runtime/Oculus/OculusVR/Content/Meshes/RiftHMD.uasset" 558
"../../Plugins/Runtime/Oculus/OculusVR/Content/Meshes/RightTouchController.uasset" 559
"../../../Engine/Content/EngineSky/C_Sky_Cloud_Color.uasset" 560
"../../../Engine/Content/EngineSky/C_Sky_Horizon_Color.uasset" 561
"../../../Engine/Content/EngineSky/C_Sky_Zenith_Color.uasset" 562
"../../../Engine/Content/EngineSky/T_Sky_Blue.uasset" 563
"../../../Engine/Content/EngineSky/T_Sky_Clouds_M.uasset" 564
"../../../Engine/Content/EngineSky/T_Sky_Stars.uasset" 565
"../../../Engine/Content/EngineSky/M_Sky_Panning_Clouds2.uasset" 566
"../../../Engine/Content/EngineSky/SM_SkySphere.uasset" 567
"../../../Engine/Content/EngineSky/BP_Sky_Sphere.uasset" 568
"../../../../../Projects/UE4/GameJam2018/Content/Materials/M_TopFade.uasset" 569
"../../../../../Projects/UE4/GameJam2018/Content/Meshes/Buildings/Buildings_Style1_TunnelTop_Single.uasset" 570
"../../../../../Projects/UE4/GameJam2018/Content/Meshes/OffsetCube.uasset" 571
"../../../../../Projects/UE4/GameJam2018/Content/Blueprints/BP_Tunnel.uasset" 572
"../../../../../Projects/UE4/GameJam2018/Content/Textures/T_Fern_Albedo.uasset" 573
"../../../../../Projects/UE4/GameJam2018/Content/Textures/T_Fern_Mask.uasset" 574
"../../../../../Projects/UE4/GameJam2018/Content/Textures/T_Fern_Normals.uasset" 575
"../../../../../Projects/UE4/GameJam2018/Content/Textures/T_Fern_Roughness.uasset" 576
"../../../../../Projects/UE4/GameJam2018/Content/Materials/M_PlantMaster.uasset" 577
"../../../../../Projects/UE4/GameJam2018/Content/Meshes/Foliage/Foliage_Fern1.uasset" 578
"../../../../../Projects/UE4/GameJam2018/Content/Meshes/Foliage/Foliage_Fern1_FoliageType.uasset" 579
"../../../../../Projects/UE4/GameJam2018/Content/Maps/MainMenu_BuiltData.uasset" 580
"../../../../../Projects/UE4/GameJam2018/Content/Textures/T_GroundCover.uasset" 581
"../../../../../Projects/UE4/GameJam2018/Content/Materials/Decal_Grass.uasset" 582
"../../../Engine/Content/Engine_MI_Shaders/T_Base_Tile_Normal.uasset" 583
"../../../Engine/Content/Functions/Engine_MaterialFunctions03/ComplexMotion/Motion_4WayChaos_Normal.uasset" 584
"../../../../../Projects/UE4/GameJam2018/Content/Textures/T_WaterNormals.uasset" 585
"../../../../../Projects/UE4/GameJam2018/Content/Materials/Decal_Puddle1.uasset" 586
"../../../../../Projects/UE4/GameJam2018/Content/Materials/M_GodRay.uasset" 587
"../../../../../Projects/UE4/GameJam2018/Content/Materials/DecalInstance_GroundCover.uasset" 588
"../../../../../Projects/UE4/GameJam2018/Content/Textures/Bus_Albedo_2.uasset" 589
"../../../../../Projects/UE4/GameJam2018/Content/Materials/MI_Vehicle.uasset" 590
"../../../Engine/Content/BasicShapes/Plane.uasset" 591
"../../../../../Projects/UE4/GameJam2018/Content/Audio/WAV_ForestLoop.uasset" 592
"../../../../../Projects/UE4/GameJam2018/Content/Audio/WAV_Music_Background.uasset" 593
"../../../../../Projects/UE4/GameJam2018/Content/Meshes/Buildings/Buildings_Style1_2.uasset" 594
"../../../../../Projects/UE4/GameJam2018/Content/Meshes/Buildings/Buildings_Style1_3_Half.uasset" 595
"../../../../../Projects/UE4/GameJam2018/Content/Textures/Building_Tunnel_albedo.uasset" 596
"../../../../../Projects/UE4/GameJam2018/Content/Textures/Building_Tunnel_metallic.uasset" 597
"../../../../../Projects/UE4/GameJam2018/Content/Textures/Building_Tunnel_normal.uasset" 598
"../../../../../Projects/UE4/GameJam2018/Content/Textures/Building_Tunnel_roughness.uasset" 599
"../../../../../Projects/UE4/GameJam2018/Content/Materials/MI_Tunnel.uasset" 600
"../../../../../Projects/UE4/GameJam2018/Content/Meshes/Buildings/Buildings_Style1_Tunnel.uasset" 601
"../../../../../Projects/UE4/GameJam2018/Content/Meshes/Buildings/Sidewalk/Sidewalk_Medium.uasset" 602
"../../../../../Projects/UE4/GameJam2018/Content/Meshes/CustomFloor.uasset" 603
"../../../Engine/Content/Functions/Engine_MaterialFunctions01/WorldPositionOffset/SimpleGrassWind.uasset" 604
"../../../../../Projects/UE4/GameJam2018/Content/Textures/T_Gradient.uasset" 605
"../../../../../Projects/UE4/GameJam2018/Content/Textures/T_IvyLeaf.uasset" 606
"../../../../../Projects/UE4/GameJam2018/Content/Textures/T_IvyLeaf_Mask.uasset" 607
"../../../../../Projects/UE4/GameJam2018/Content/Textures/T_IvyLeaf_Normal.uasset" 608
"../../../../../Projects/UE4/GameJam2018/Content/Textures/T_IvyLeaf_Roughness.uasset" 609
"../../../../../Projects/UE4/GameJam2018/Content/Materials/Leaf_Complex.uasset" 610
"../../../../../Projects/UE4/GameJam2018/Content/Materials/Leaf_Simple.uasset" 611
"../../../../../Projects/UE4/GameJam2018/Content/Meshes/Foliage/Ivy1.uasset" 612
"../../../../../Projects/UE4/GameJam2018/Content/Textures/T_Bark.uasset" 613
"../../../../../Projects/UE4/GameJam2018/Content/Textures/T_Bark_Normals.uasset" 614
"../../../../../Projects/UE4/GameJam2018/Content/Materials/Bark1.uasset" 615
"../../../../../Projects/UE4/GameJam2018/Content/Meshes/Foliage/Tree_1.uasset" 616
"../../../../../Projects/UE4/GameJam2018/Content/Meshes/Props/Barricade.uasset" 617
"../../../../../Projects/UE4/GameJam2018/Content/Meshes/Props/BrickPile_1.uasset" 618
"../../../../../Projects/UE4/GameJam2018/Content/Meshes/Props/BrickPile_2.uasset" 619
"../../../../../Projects/UE4/GameJam2018/Content/Meshes/Props/BrickPile_4.uasset" 620
"../../../../../Projects/UE4/GameJam2018/Content/Meshes/Props/Bus_1.uasset" 621
"../../../../../Projects/UE4/GameJam2018/Content/Meshes/Props/Car_1.uasset" 622
"../../../../../Projects/UE4/GameJam2018/Content/Meshes/Props/Car_Ivy.uasset" 623
"../../../../../Projects/UE4/GameJam2018/Content/Meshes/Props/RubblePile_1.uasset" 624
"../../../../../Projects/UE4/GameJam2018/Content/Meshes/Props/RubblePile_2.uasset" 625
"../../../../../Projects/UE4/GameJam2018/Content/Meshes/Props/RubblePile_3.uasset" 626
"../../../../../Projects/UE4/GameJam2018/Content/UI/T_Logo.uasset" 627
"../../../../../Projects/UE4/GameJam2018/Content/UI/MainMenu.uasset" 628
"../../../../../Projects/UE4/GameJam2018/Content/Maps/MainMenu.umap" 629
"../../../../../Projects/UE4/GameJam2018/Content/Audio/WAV_Gate.uasset" 630
"../../../../../Projects/UE4/GameJam2018/Content/Meshes/Buildings/Gate_Left.uasset" 631
"../../../../../Projects/UE4/GameJam2018/Content/Textures/Gate_Right_albedo.uasset" 632
"../../../../../Projects/UE4/GameJam2018/Content/Materials/MI_RightGate.uasset" 633
"../../../../../Projects/UE4/GameJam2018/Content/Meshes/Buildings/Gate_Right.uasset" 634
"../../../../../Projects/UE4/GameJam2018/Content/Meshes/Buildings/Gate_Sides.uasset" 635
"../../../../../Projects/UE4/GameJam2018/Content/Blueprints/BP_OpenGate.uasset" 636
"../../../../../Projects/UE4/GameJam2018/Content/Meshes/Characters/Crab/walkBlend.uasset" 637
"../../../../../Projects/UE4/GameJam2018/Content/Meshes/Characters/Crab/walkBP.uasset" 638
"../../../../../Projects/UE4/GameJam2018/Content/Meshes/Characters/Crab/walkBP_Reversed.uasset" 639
"../../../../../Projects/UE4/GameJam2018/Content/Meshes/Characters/Crab/Boss_Crab_Claws_Skeleton_Skeleton.uasset" 640
"../../../../../Projects/UE4/GameJam2018/Content/Meshes/Characters/Crab/Boss_Crab_Claws_Skeleton_Anim.uasset" 641
"../../../../../Projects/UE4/GameJam2018/Content/Meshes/Characters/Crab/Boss_Crab_Legs_PhysicsAsset.uasset" 642
"../../../../../Projects/UE4/GameJam2018/Content/Meshes/Characters/Crab/Boss_Crab_Legs.uasset" 643
"../../../../../Projects/UE4/GameJam2018/Content/Meshes/Characters/Crab/Boss_Crab_Shell.uasset" 644
"../../../../../Projects/UE4/GameJam2018/Content/Meshes/Characters/Crab/BP_CrabShell.uasset" 645
"../../../../../Projects/UE4/GameJam2018/Content/Meshes/Characters/Crab/BP_DmgTakingVol.uasset" 646
"../../../../../Projects/UE4/GameJam2018/Content/Materials/MI_BigLaser.uasset" 647
"../../../../../Projects/UE4/GameJam2018/Content/Textures/Bus_Albedo_3.uasset" 648
"../../../../../Projects/UE4/GameJam2018/Content/Materials/MI_Vehicle1.uasset" 649
"../../../../../Projects/UE4/GameJam2018/Content/UI/CrabBossHealthBar.uasset" 650
"../../../../../Projects/UE4/GameJam2018/Content/Audio/WAV_Alert3.uasset" 651
"../../../../../Projects/UE4/GameJam2018/Content/Audio/WAV_Greeting.uasset" 652
"../../../../../Projects/UE4/GameJam2018/Content/Audio/Cue_HeavyAlert.uasset" 653
"../../../../../Projects/UE4/GameJam2018/Content/Meshes/Characters/Crab/Boss_Crab_ClawLeft_Lower.uasset" 654
"../../../../../Projects/UE4/GameJam2018/Content/Meshes/Characters/Crab/Boss_Crab_ClawLeft_Upper.uasset" 655
"../../../../../Projects/UE4/GameJam2018/Content/Meshes/Characters/Crab/Boss_Crab_ClawRight_Lower.uasset" 656
"../../../../../Projects/UE4/GameJam2018/Content/Meshes/Characters/Crab/Boss_Crab_ClawRight_Upper.uasset" 657
"../../../../../Projects/UE4/GameJam2018/Content/Meshes/Characters/Crab/Boss_Crab_Claws_Skeleton_PhysicsAsset.uasset" 658
"../../../../../Projects/UE4/GameJam2018/Content/Meshes/Characters/Crab/Boss_Crab_Claws_Skeleton.uasset" 659
"../../../../../Projects/UE4/GameJam2018/Content/Blueprints/Enemies/Boss_Crab.uasset" 660
"../../../../../Projects/UE4/GameJam2018/Content/UI/LevelComplete.uasset" 661
"../../../../../Projects/UE4/GameJam2018/Content/Blueprints/BP_EndLevelVol.uasset" 662
"../../../../../Projects/UE4/GameJam2018/Content/Meshes/Characters/Crab/BP_CrabBossTrigger.uasset" 663
"../../../../../Projects/UE4/GameJam2018/Content/Textures/T_Cattail_Albedo.uasset" 664
"../../../../../Projects/UE4/GameJam2018/Content/Materials/M_Cattail.uasset" 665
"../../../../../Projects/UE4/GameJam2018/Content/Meshes/Foliage/Foliage_Cattails1.uasset" 666
"../../../../../Projects/UE4/GameJam2018/Content/Meshes/Foliage/Foliage_Cattails1_FoliageType.uasset" 667
"../../../../../Projects/UE4/GameJam2018/Content/Level1-BossSection_BuiltData.uasset" 668
"../../../../../Projects/UE4/GameJam2018/Content/Meshes/Buildings/Buildings_Lights.uasset" 669
"../../../../../Projects/UE4/GameJam2018/Content/Meshes/Buildings/Buildings_Lights2.uasset" 670
"../../../../../Projects/UE4/GameJam2018/Content/Meshes/Buildings/Buildings_Pipes.uasset" 671
"../../../../../Projects/UE4/GameJam2018/Content/Meshes/Buildings/Buildings_Style1_1_Half.uasset" 672
"../../../../../Projects/UE4/GameJam2018/Content/Level1-BossSection.umap" 673
"../../../../../Projects/UE4/GameJam2018/Content/Blueprints/Enemies/HeavyEnemy.uasset" 674
"../../../../../Projects/UE4/GameJam2018/Content/Blueprints/BP_Gate.uasset" 675
"../../../../../Projects/UE4/GameJam2018/Content/Audio/WAV_BossMusic.uasset" 676
"../../../../../Projects/UE4/GameJam2018/Content/Blueprints/BP_MusicHandler.uasset" 677
"../../../../../Projects/UE4/GameJam2018/Content/Materials/M_Tip.uasset" 678
"../../../../../Projects/UE4/GameJam2018/Content/UI/Tip.uasset" 679
"../../../../../Projects/UE4/GameJam2018/Content/Blueprints/BP_Tip.uasset" 680
"../../../../../Projects/UE4/GameJam2018/Content/UI/DestructableMeshHealthBar.uasset" 681
"../../../../../Projects/UE4/GameJam2018/Content/Textures/Dumpster_albedo.uasset" 682
"../../../../../Projects/UE4/GameJam2018/Content/Textures/Dumpster_metallic.uasset" 683
"../../../../../Projects/UE4/GameJam2018/Content/Textures/Dumpster_normal.uasset" 684
"../../../../../Projects/UE4/GameJam2018/Content/Textures/Dumpster_roughness.uasset" 685
"../../../../../Projects/UE4/GameJam2018/Content/Materials/Mat_Dumpster.uasset" 686
"../../../../../Projects/UE4/GameJam2018/Content/Meshes/Props/Dumpster.uasset" 687
"../../../../../Projects/UE4/GameJam2018/Content/Blueprints/DestructableMesh.uasset" 688
"../../../../../Projects/UE4/GameJam2018/Content/Audio/WAV_GeneratorDestroy.uasset" 689
"../../../../../Projects/UE4/GameJam2018/Content/Meshes/Props/Generator.uasset" 690
"../../../../../Projects/UE4/GameJam2018/Content/Blueprints/BP_Generator.uasset" 691
"../../../../../Projects/UE4/GameJam2018/Content/Meshes/HealingStation_Animated_Skeleton.uasset" 692
"../../../../../Projects/UE4/GameJam2018/Content/Meshes/HealingStation_Animated_Anim_StationArm_StationArmAction_001.uasset" 693
"../../../../../Projects/UE4/GameJam2018/Content/Meshes/HealingStation_Animated_PhysicsAsset.uasset" 694
"../../../../../Projects/UE4/GameJam2018/Content/Meshes/HealingStation_Animated.uasset" 695
"../../../../../Projects/UE4/GameJam2018/Content/Blueprints/BP_HealthStation.uasset" 696
"../../../../../Projects/UE4/GameJam2018/Content/Blueprints/BP_KillVolume.uasset" 697
"../../../../../Projects/UE4/GameJam2018/Content/Blueprints/BP_LevelStreamingVolume.uasset" 698
"../../../../../Projects/UE4/GameJam2018/Content/Blueprints/BP_PersistantTip.uasset" 699
"../../../../../Projects/UE4/GameJam2018/Content/Blueprints/GameMode.uasset" 700
"../../../../../Projects/UE4/GameJam2018/Content/Materials/MI_PlantLight.uasset" 701
"../../../../../Projects/UE4/GameJam2018/Content/Meshes/Foliage/Foliage_Fern2.uasset" 702
"../../../../../Projects/UE4/GameJam2018/Content/Meshes/Foliage/Foliage_Fern2_FoliageType.uasset" 703
"../../../../../Projects/UE4/GameJam2018/Content/Materials/M_TallGrass.uasset" 704
"../../../../../Projects/UE4/GameJam2018/Content/Meshes/Foliage/TallGrass.uasset" 705
"../../../../../Projects/UE4/GameJam2018/Content/Meshes/Foliage/TallGrass_FoliageType.uasset" 706
"../../../../../Projects/UE4/GameJam2018/Content/Level1-Persistant_BuiltData.uasset" 707
"../../../../../Projects/UE4/GameJam2018/Content/Textures/T_FallenLeaf_Albedo.uasset" 708
"../../../../../Projects/UE4/GameJam2018/Content/Textures/T_FallenLeafMask.uasset" 709
"../../../../../Projects/UE4/GameJam2018/Content/Materials/Decal_FallenLEaves.uasset" 710
"../../../../../Projects/UE4/GameJam2018/Content/Materials/Decal_Moss.uasset" 711
"../../../../../Projects/UE4/GameJam2018/Content/Materials/M_CableMaster.uasset" 712
"../../../../../Projects/UE4/GameJam2018/Content/Materials/MI_Cable_Blue.uasset" 713
"../../../../../Projects/UE4/GameJam2018/Content/Materials/MI_Cable_Green.uasset" 714
"../../../../../Projects/UE4/GameJam2018/Content/Materials/MI_Cable_Red.uasset" 715
"../../../../../Projects/UE4/GameJam2018/Content/Audio/WAV_SwampLoop.uasset" 716
"../../../../../Projects/UE4/GameJam2018/Content/Meshes/Props/Mech_Test2_Ivy.uasset" 717
"../../../../../Projects/UE4/GameJam2018/Content/Meshes/Props/Transformer.uasset" 718
"../../../../../Projects/UE4/GameJam2018/Content/Meshes/Props/TransformerNode.uasset" 719
"../../../../../Projects/UE4/GameJam2018/Content/ParticleEffects/P_Fog.uasset" 720
"../../../../../Projects/UE4/GameJam2018/Content/Level1-Persistant.umap" 721
"../../../Engine/Content/Functions/Engine_MaterialFunctions03/ComplexMotion/Motion_4WayChaos.uasset" 722
"../../../../../Projects/UE4/GameJam2018/Content/Materials/Decal_Oil.uasset" 723
"../../../../../Projects/UE4/GameJam2018/Content/Textures/T_Water_N2.uasset" 724
"../../../../../Projects/UE4/GameJam2018/Content/Materials/ParticleMaterials/M_Heat_Distortion.uasset" 725
"../../../../../Projects/UE4/GameJam2018/Content/ParticleEffects/P_Fire.uasset" 726
"../../../../../Projects/UE4/GameJam2018/Content/Blueprints/BP_Oil.uasset" 727
"../../../../../Projects/UE4/GameJam2018/Content/Meshes/ExplosiveBarrel.uasset" 728
"../../../../../Projects/UE4/GameJam2018/Content/Blueprints/ExplosiveMesh.uasset" 729
"../../../../../Projects/UE4/GameJam2018/Content/Level1-Section1_BuiltData.uasset" 730
"../../../../../Projects/UE4/GameJam2018/Content/Materials/Decal_DeepWater.uasset" 731
"../../../../../Projects/UE4/GameJam2018/Content/Materials/Decal_WaterLeaves.uasset" 732
"../../../../../Projects/UE4/GameJam2018/Content/Textures/StreetSign_4.uasset" 733
"../../../../../Projects/UE4/GameJam2018/Content/Materials/M_SS3.uasset" 734
"../../../../../Projects/UE4/GameJam2018/Content/Textures/StreetSign_6.uasset" 735
"../../../../../Projects/UE4/GameJam2018/Content/Materials/M_SS5.uasset" 736
"../../../../../Projects/UE4/GameJam2018/Content/Materials/MI_Leaves.uasset" 737
"../../../../../Projects/UE4/GameJam2018/Content/Materials/MI_LeavesLight.uasset" 738
"../../../../../Projects/UE4/GameJam2018/Content/Meshes/Buildings/Bridge1_Broken.uasset" 739
"../../../../../Projects/UE4/GameJam2018/Content/Meshes/Buildings/Bridge1_Columns.uasset" 740
"../../../../../Projects/UE4/GameJam2018/Content/Meshes/Buildings/Bridge1_Top.uasset" 741
"../../../../../Projects/UE4/GameJam2018/Content/Meshes/Buildings/Buildings_Style1_1_Section.uasset" 742
"../../../../../Projects/UE4/GameJam2018/Content/Meshes/Buildings/Buildings_Style1_3.uasset" 743
"../../../../../Projects/UE4/GameJam2018/Content/Meshes/Buildings/Buildings_Style1_4.uasset" 744
"../../../../../Projects/UE4/GameJam2018/Content/Meshes/Buildings/Buildings_Style1_6.uasset" 745
"../../../../../Projects/UE4/GameJam2018/Content/Meshes/Buildings/Buildings_Style1_7.uasset" 746
"../../../../../Projects/UE4/GameJam2018/Content/Meshes/Buildings/Buildings_TopBits.uasset" 747
"../../../../../Projects/UE4/GameJam2018/Content/Meshes/Buildings/RailingSection.uasset" 748
"../../../../../Projects/UE4/GameJam2018/Content/Meshes/Buildings/Sidewalk/Sidewalk_Corner_Inner_Short.uasset" 749
"../../../../../Projects/UE4/GameJam2018/Content/Meshes/Buildings/Sidewalk/Sidewalk_Corner_Outer.uasset" 750
"../../../../../Projects/UE4/GameJam2018/Content/Meshes/Buildings/Sidewalk/Sidewalk_Corner_Outer_Short.uasset" 751
"../../../../../Projects/UE4/GameJam2018/Content/Meshes/Buildings/Sidewalk/Sidewalk_Short.uasset" 752
"../../../../../Projects/UE4/GameJam2018/Content/Meshes/Buildings/Sidewalk/Sidewalk_SoftCorner.uasset" 753
"../../../../../Projects/UE4/GameJam2018/Content/Meshes/Foliage/Ivy2.uasset" 754
"../../../../../Projects/UE4/GameJam2018/Content/Meshes/Foliage/Ivy3.uasset" 755
"../../../../../Projects/UE4/GameJam2018/Content/Meshes/Foliage/Ivy4.uasset" 756
"../../../../../Projects/UE4/GameJam2018/Content/Meshes/Foliage/Roots_1.uasset" 757
"../../../../../Projects/UE4/GameJam2018/Content/Meshes/Mech_Test2.uasset" 758
"../../../../../Projects/UE4/GameJam2018/Content/Textures/Bench1_albedo.uasset" 759
"../../../../../Projects/UE4/GameJam2018/Content/Textures/Bench1_metallic.uasset" 760
"../../../../../Projects/UE4/GameJam2018/Content/Textures/Bench1_normal.uasset" 761
"../../../../../Projects/UE4/GameJam2018/Content/Textures/Bench1_roughness.uasset" 762
"../../../../../Projects/UE4/GameJam2018/Content/Materials/Mat_Bench1.uasset" 763
"../../../../../Projects/UE4/GameJam2018/Content/Meshes/Props/Bench1.uasset" 764
"../../../../../Projects/UE4/GameJam2018/Content/Meshes/Props/BrickPile_3.uasset" 765
"../../../../../Projects/UE4/GameJam2018/Content/Meshes/Props/ParkingMeter.uasset" 766
"../../../../../Projects/UE4/GameJam2018/Content/Meshes/Props/StreetSign_1.uasset" 767
"../../../../../Projects/UE4/GameJam2018/Content/Meshes/Props/StreetSign_2.uasset" 768
"../../../../../Projects/UE4/GameJam2018/Content/Meshes/Props/StreetSign_3.uasset" 769
"../../../../../Projects/UE4/GameJam2018/Content/Meshes/Props/Tank_1.uasset" 770
"../../../../../Projects/UE4/GameJam2018/Content/Meshes/Props/Tank_2.uasset" 771
"../../../../../Projects/UE4/GameJam2018/Content/Meshes/Props/Tank_3.uasset" 772
"../../../../../Projects/UE4/GameJam2018/Content/Meshes/Props/TrafficCone.uasset" 773
"../../../../../Projects/UE4/GameJam2018/Content/Textures/Trashbin_albedo.uasset" 774
"../../../../../Projects/UE4/GameJam2018/Content/Textures/Trashbin_metallic.uasset" 775
"../../../../../Projects/UE4/GameJam2018/Content/Textures/Trashbin_normal.uasset" 776
"../../../../../Projects/UE4/GameJam2018/Content/Textures/Trashbin_roughness.uasset" 777
"../../../../../Projects/UE4/GameJam2018/Content/Materials/Mat_Trashbin.uasset" 778
"../../../../../Projects/UE4/GameJam2018/Content/Meshes/Props/Trashbin.uasset" 779
"../../../../../Projects/UE4/GameJam2018/Content/Materials/M_Firefly.uasset" 780
"../../../../../Projects/UE4/GameJam2018/Content/ParticleEffects/P_Fireflies.uasset" 781
"../../../../../Projects/UE4/GameJam2018/Content/Level1-Section1.umap" 782
"../../../../../Projects/UE4/GameJam2018/Content/Level1-Section2_BuiltData.uasset" 783
"../../../../../Projects/UE4/GameJam2018/Content/Materials/Decal_DeepWater_Cover.uasset" 784
"../../../../../Projects/UE4/GameJam2018/Content/Textures/StreetSign_8.uasset" 785
"../../../../../Projects/UE4/GameJam2018/Content/Materials/M_SS7.uasset" 786
"../../../../../Projects/UE4/GameJam2018/Content/Meshes/Buildings/Bridge1.uasset" 787
"../../../../../Projects/UE4/GameJam2018/Content/Meshes/Buildings/Bridge1_Continuous.uasset" 788
"../../../../../Projects/UE4/GameJam2018/Content/Meshes/Buildings/Buildings_Style1_Roof1.uasset" 789
"../../../../../Projects/UE4/GameJam2018/Content/Meshes/Mech_Test1.uasset" 790
"../../../../../Projects/UE4/GameJam2018/Content/ParticleEffects/P_DenseFog.uasset" 791
"../../../../../Projects/UE4/GameJam2018/Content/Level1-Section2.umap" 792
"../../../../../Projects/UE4/GameJam2018/Content/Materials/M_AsphaltFade.uasset" 793
"../../../../../Projects/UE4/GameJam2018/Content/Materials/M_FadeMaterial2.uasset" 794
"../../../../../Projects/UE4/GameJam2018/Content/Blueprints/BP_Bridge.uasset" 795
"../../../../../Projects/UE4/GameJam2018/Content/Level1-Section3_BuiltData.uasset" 796
"../../../../../Projects/UE4/GameJam2018/Content/Textures/StreetSign_2.uasset" 797
"../../../../../Projects/UE4/GameJam2018/Content/Materials/M_SS1.uasset" 798
"../../../../../Projects/UE4/GameJam2018/Content/Textures/StreetSign_3.uasset" 799
"../../../../../Projects/UE4/GameJam2018/Content/Materials/M_SS2.uasset" 800
"../../../../../Projects/UE4/GameJam2018/Content/Textures/StreetSign_5.uasset" 801
"../../../../../Projects/UE4/GameJam2018/Content/Materials/M_SS4.uasset" 802
"../../../../../Projects/UE4/GameJam2018/Content/Meshes/Buildings/Sidewalk/Sidewalk_Corner_Inner.uasset" 803
"../../../../../Projects/UE4/GameJam2018/Content/Meshes/Foliage/Ivy5.uasset" 804
"../../../../../Projects/UE4/GameJam2018/Content/Meshes/Props/Statue_1.uasset" 805
"../../../../../Projects/UE4/GameJam2018/Content/Meshes/Props/Statue_1_Ivy.uasset" 806
"../../../../../Projects/UE4/GameJam2018/Content/Level1-Section3.umap" 807
"../../../Engine/Content/Maps/Entry_BuiltData.uasset" 808
"../../../Engine/Content/Maps/Entry.umap" 809
